#
# There is insufficient memory for the Java Runtime Environment to continue.
# Native memory allocation (mmap) failed to map 65536 bytes. Error detail: Failed to commit metaspace.
# Possible reasons:
#   The system is out of physical RAM or swap space
#   This process is running with CompressedOops enabled, and the Java Heap may be blocking the growth of the native heap
# Possible solutions:
#   Reduce memory load on the system
#   Increase physical memory or swap space
#   Check if swap backing store is full
#   Decrease Java heap size (-Xmx/-Xms)
#   Decrease number of Java threads
#   Decrease Java thread stack sizes (-Xss)
#   Set larger code cache with -XX:ReservedCodeCacheSize=
#   JVM is running with Zero Based Compressed Oops mode in which the Java heap is
#     placed in the first 32GB address space. The Java Heap base address is the
#     maximum limit for the native heap growth. Please use -XX:HeapBaseMinAddress
#     to set the Java Heap base and to place the Java Heap above 32GB virtual address.
# This output file may be truncated or incomplete.
#
#  Out of Memory Error (virtualSpaceNode.cpp:110), pid=9240, tid=12648
#
# JRE version: OpenJDK Runtime Environment (17.0.11) (build 17.0.11+0--11852314)
# Java VM: OpenJDK 64-Bit Server VM (17.0.11+0--11852314, mixed mode, tiered, compressed oops, compressed class ptrs, g1 gc, windows-amd64)
# No core dump will be written. Minidumps are not enabled by default on client versions of Windows
#

---------------  S U M M A R Y ------------

Command Line: -Dorg.gradle.appname=gradlew org.gradle.wrapper.GradleWrapperMain -q -Ptarget-platform=android-arm64 -Ptarget=C:\Users\dell\rafiq-master\lib\main.dart -Pbase-application-name=android.app.Application -Pdart-obfuscation=false -Ptrack-widget-creation=true -Ptree-shake-icons=false -Pfilesystem-scheme=org-dartlang-root assembleDebug

Host: 11th Gen Intel(R) Core(TM) i5-11400H @ 2.70GHz, 12 cores, 15G,  Windows 11 , 64 bit Build 26100 (10.0.26100.3912)
Time: Sat May 17 16:23:02 2025 Egypt Daylight Time elapsed time: 1.575523 seconds (0d 0h 0m 1s)

---------------  T H R E A D  ---------------

Current thread (0x000001dd7869e650):  JavaThread "main" [_thread_in_vm, id=12648, stack(0x0000001c47700000,0x0000001c47800000)]

Stack: [0x0000001c47700000,0x0000001c47800000]
Native frames: (J=compiled Java code, j=interpreted, Vv=VM code, C=native code)
V  [jvm.dll+0x687bb9]
V  [jvm.dll+0x84142a]
V  [jvm.dll+0x8430ae]
V  [jvm.dll+0x843713]
V  [jvm.dll+0x24a35f]
V  [jvm.dll+0x83c2bb]
V  [jvm.dll+0x62c046]
V  [jvm.dll+0x62c0aa]
V  [jvm.dll+0x62e8da]
V  [jvm.dll+0x62c9e6]
V  [jvm.dll+0x23df6f]
V  [jvm.dll+0x636875]
V  [jvm.dll+0x1ecefb]
V  [jvm.dll+0x1ed435]
V  [jvm.dll+0x1eddd5]
V  [jvm.dll+0x1e328c]
V  [jvm.dll+0x54c5bc]
V  [jvm.dll+0x1f3e0b]
V  [jvm.dll+0x7b99bb]
V  [jvm.dll+0x7bae29]
V  [jvm.dll+0x7bb178]
V  [jvm.dll+0x7590f1]
V  [jvm.dll+0x6d1399]
V  [jvm.dll+0x41f2d1]
C  0x000001dd0753d6e1

The last pc belongs to method entry point (kind = native) (printed below).
Java frames: (J=compiled Java code, j=interpreted, Vv=VM code)
j  java.lang.Class.getDeclaredFields0(Z)[Ljava/lang/reflect/Field;+0 java.base@17.0.11
j  java.lang.Class.privateGetDeclaredFields(Z)[Ljava/lang/reflect/Field;+34 java.base@17.0.11
j  java.lang.Class.getDeclaredField(Ljava/lang/String;)Ljava/lang/reflect/Field;+25 java.base@17.0.11
j  java.io.ObjectStreamClass.getDeclaredSUID(Ljava/lang/Class;)Ljava/lang/Long;+4 java.base@17.0.11
j  java.io.ObjectStreamClass$2.run()Ljava/lang/Void;+63 java.base@17.0.11
j  java.io.ObjectStreamClass$2.run()Ljava/lang/Object;+1 java.base@17.0.11
J 1390 c1 java.security.AccessController.doPrivileged(Ljava/security/PrivilegedAction;)Ljava/lang/Object; java.base@17.0.11 (9 bytes) @ 0x000001dd00288cc4 [0x000001dd00288b60+0x0000000000000164]
j  java.io.ObjectStreamClass.<init>(Ljava/lang/Class;)V+111 java.base@17.0.11
j  java.io.ObjectStreamClass$Caches$1.computeValue(Ljava/lang/Class;)Ljava/io/ObjectStreamClass;+5 java.base@17.0.11
j  java.io.ObjectStreamClass$Caches$1.computeValue(Ljava/lang/Class;)Ljava/lang/Object;+2 java.base@17.0.11
j  java.io.ClassCache$1.computeValue(Ljava/lang/Class;)Ljava/io/ClassCache$CacheRef;+5 java.base@17.0.11
j  java.io.ClassCache$1.computeValue(Ljava/lang/Class;)Ljava/lang/Object;+2 java.base@17.0.11
j  java.lang.ClassValue.getFromHashMap(Ljava/lang/Class;)Ljava/lang/Object;+29 java.base@17.0.11
j  java.lang.ClassValue.getFromBackup([Ljava/lang/ClassValue$Entry;Ljava/lang/Class;)Ljava/lang/Object;+17 java.base@17.0.11
j  java.lang.ClassValue.get(Ljava/lang/Class;)Ljava/lang/Object;+27 java.base@17.0.11
j  java.io.ClassCache.get(Ljava/lang/Class;)Ljava/lang/Object;+9 java.base@17.0.11
j  java.io.ObjectStreamClass.lookup(Ljava/lang/Class;Z)Ljava/io/ObjectStreamClass;+19 java.base@17.0.11
j  java.io.ObjectStreamClass.initNonProxy(Ljava/io/ObjectStreamClass;Ljava/lang/Class;Ljava/lang/ClassNotFoundException;Ljava/io/ObjectStreamClass;)V+15 java.base@17.0.11
j  java.io.ObjectInputStream.readNonProxyDesc(Z)Ljava/io/ObjectStreamClass;+192 java.base@17.0.11
j  java.io.ObjectInputStream.readClassDesc(Z)Ljava/io/ObjectStreamClass;+72 java.base@17.0.11
j  java.io.ObjectInputStream.readOrdinaryObject(Z)Ljava/lang/Object;+22 java.base@17.0.11
j  java.io.ObjectInputStream.readObject0(Ljava/lang/Class;Z)Ljava/lang/Object;+494 java.base@17.0.11
j  java.io.ObjectInputStream.readObject(Ljava/lang/Class;)Ljava/lang/Object;+42 java.base@17.0.11
j  java.io.ObjectInputStream.readObject()Ljava/lang/Object;+3 java.base@17.0.11
j  java.util.ArrayList.readObject(Ljava/io/ObjectInputStream;)V+52 java.base@17.0.11
v  ~StubRoutines::call_stub
j  jdk.internal.reflect.NativeMethodAccessorImpl.invoke0(Ljava/lang/reflect/Method;Ljava/lang/Object;[Ljava/lang/Object;)Ljava/lang/Object;+0 java.base@17.0.11
j  jdk.internal.reflect.NativeMethodAccessorImpl.invoke(Ljava/lang/Object;[Ljava/lang/Object;)Ljava/lang/Object;+133 java.base@17.0.11
j  jdk.internal.reflect.DelegatingMethodAccessorImpl.invoke(Ljava/lang/Object;[Ljava/lang/Object;)Ljava/lang/Object;+6 java.base@17.0.11
j  java.lang.reflect.Method.invoke(Ljava/lang/Object;[Ljava/lang/Object;)Ljava/lang/Object;+59 java.base@17.0.11
j  java.io.ObjectStreamClass.invokeReadObject(Ljava/lang/Object;Ljava/io/ObjectInputStream;)V+24 java.base@17.0.11
j  java.io.ObjectInputStream.readSerialData(Ljava/lang/Object;Ljava/io/ObjectStreamClass;)V+189 java.base@17.0.11
j  java.io.ObjectInputStream.readOrdinaryObject(Z)Ljava/lang/Object;+240 java.base@17.0.11
j  java.io.ObjectInputStream.readObject0(Ljava/lang/Class;Z)Ljava/lang/Object;+494 java.base@17.0.11
j  java.io.ObjectInputStream$FieldValues.<init>(Ljava/io/ObjectInputStream;Ljava/io/ObjectStreamClass;Z)V+164 java.base@17.0.11
j  java.io.ObjectInputStream.readSerialData(Ljava/lang/Object;Ljava/io/ObjectStreamClass;)V+372 java.base@17.0.11
j  java.io.ObjectInputStream.readOrdinaryObject(Z)Ljava/lang/Object;+240 java.base@17.0.11
j  java.io.ObjectInputStream.readObject0(Ljava/lang/Class;Z)Ljava/lang/Object;+494 java.base@17.0.11
j  java.io.ObjectInputStream$FieldValues.<init>(Ljava/io/ObjectInputStream;Ljava/io/ObjectStreamClass;Z)V+164 java.base@17.0.11
j  java.io.ObjectInputStream.readSerialData(Ljava/lang/Object;Ljava/io/ObjectStreamClass;)V+372 java.base@17.0.11
j  java.io.ObjectInputStream.readOrdinaryObject(Z)Ljava/lang/Object;+240 java.base@17.0.11
j  java.io.ObjectInputStream.readObject0(Ljava/lang/Class;Z)Ljava/lang/Object;+494 java.base@17.0.11
j  java.io.ObjectInputStream.readObject(Ljava/lang/Class;)Ljava/lang/Object;+42 java.base@17.0.11
j  java.io.ObjectInputStream.readObject()Ljava/lang/Object;+3 java.base@17.0.11
j  java.util.ArrayList.readObject(Ljava/io/ObjectInputStream;)V+52 java.base@17.0.11
v  ~StubRoutines::call_stub
j  jdk.internal.reflect.NativeMethodAccessorImpl.invoke0(Ljava/lang/reflect/Method;Ljava/lang/Object;[Ljava/lang/Object;)Ljava/lang/Object;+0 java.base@17.0.11
j  jdk.internal.reflect.NativeMethodAccessorImpl.invoke(Ljava/lang/Object;[Ljava/lang/Object;)Ljava/lang/Object;+133 java.base@17.0.11
j  jdk.internal.reflect.DelegatingMethodAccessorImpl.invoke(Ljava/lang/Object;[Ljava/lang/Object;)Ljava/lang/Object;+6 java.base@17.0.11
j  java.lang.reflect.Method.invoke(Ljava/lang/Object;[Ljava/lang/Object;)Ljava/lang/Object;+59 java.base@17.0.11
j  java.io.ObjectStreamClass.invokeReadObject(Ljava/lang/Object;Ljava/io/ObjectInputStream;)V+24 java.base@17.0.11
j  java.io.ObjectInputStream.readSerialData(Ljava/lang/Object;Ljava/io/ObjectStreamClass;)V+189 java.base@17.0.11
j  java.io.ObjectInputStream.readOrdinaryObject(Z)Ljava/lang/Object;+240 java.base@17.0.11
j  java.io.ObjectInputStream.readObject0(Ljava/lang/Class;Z)Ljava/lang/Object;+494 java.base@17.0.11
j  java.io.ObjectInputStream$FieldValues.<init>(Ljava/io/ObjectInputStream;Ljava/io/ObjectStreamClass;Z)V+164 java.base@17.0.11
j  java.io.ObjectInputStream.readSerialData(Ljava/lang/Object;Ljava/io/ObjectStreamClass;)V+372 java.base@17.0.11
j  java.io.ObjectInputStream.readOrdinaryObject(Z)Ljava/lang/Object;+240 java.base@17.0.11
j  java.io.ObjectInputStream.readObject0(Ljava/lang/Class;Z)Ljava/lang/Object;+494 java.base@17.0.11
j  java.io.ObjectInputStream.readObject(Ljava/lang/Class;)Ljava/lang/Object;+42 java.base@17.0.11
j  java.io.ObjectInputStream.readObject()Ljava/lang/Object;+3 java.base@17.0.11
j  java.util.HashMap.readObject(Ljava/io/ObjectInputStream;)V+258 java.base@17.0.11
v  ~StubRoutines::call_stub
j  jdk.internal.reflect.NativeMethodAccessorImpl.invoke0(Ljava/lang/reflect/Method;Ljava/lang/Object;[Ljava/lang/Object;)Ljava/lang/Object;+0 java.base@17.0.11
j  jdk.internal.reflect.NativeMethodAccessorImpl.invoke(Ljava/lang/Object;[Ljava/lang/Object;)Ljava/lang/Object;+133 java.base@17.0.11
j  jdk.internal.reflect.DelegatingMethodAccessorImpl.invoke(Ljava/lang/Object;[Ljava/lang/Object;)Ljava/lang/Object;+6 java.base@17.0.11
j  java.lang.reflect.Method.invoke(Ljava/lang/Object;[Ljava/lang/Object;)Ljava/lang/Object;+59 java.base@17.0.11
j  java.io.ObjectStreamClass.invokeReadObject(Ljava/lang/Object;Ljava/io/ObjectInputStream;)V+24 java.base@17.0.11
j  java.io.ObjectInputStream.readSerialData(Ljava/lang/Object;Ljava/io/ObjectStreamClass;)V+189 java.base@17.0.11
j  java.io.ObjectInputStream.readOrdinaryObject(Z)Ljava/lang/Object;+240 java.base@17.0.11
j  java.io.ObjectInputStream.readObject0(Ljava/lang/Class;Z)Ljava/lang/Object;+494 java.base@17.0.11
j  java.io.ObjectInputStream.readObject(Ljava/lang/Class;)Ljava/lang/Object;+42 java.base@17.0.11
j  java.io.ObjectInputStream.readObject()Ljava/lang/Object;+3 java.base@17.0.11
j  org.gradle.internal.serialize.DefaultSerializer.read(Lorg/gradle/internal/serialize/Decoder;)Ljava/lang/Object;+17
j  org.gradle.tooling.internal.provider.serialization.SerializedPayloadSerializer.read(Lorg/gradle/internal/serialize/Decoder;)Lorg/gradle/tooling/internal/provider/serialization/SerializedPayload;+5
j  org.gradle.tooling.internal.provider.serialization.SerializedPayloadSerializer.read(Lorg/gradle/internal/serialize/Decoder;)Ljava/lang/Object;+2
j  org.gradle.launcher.daemon.protocol.DaemonMessageSerializer$SuccessSerializer.read(Lorg/gradle/internal/serialize/Decoder;)Lorg/gradle/launcher/daemon/protocol/Success;+119
j  org.gradle.launcher.daemon.protocol.DaemonMessageSerializer$SuccessSerializer.read(Lorg/gradle/internal/serialize/Decoder;)Ljava/lang/Object;+2
j  org.gradle.internal.serialize.DefaultSerializerRegistry$TaggedTypeSerializer.read(Lorg/gradle/internal/serialize/Decoder;)Ljava/lang/Object;+60
j  org.gradle.internal.serialize.Serializers$StatefulSerializerAdapter$1.read()Ljava/lang/Object;+11
j  org.gradle.internal.remote.internal.inet.SocketConnection.receive()Ljava/lang/Object;+4
j  org.gradle.launcher.daemon.client.DaemonClientConnection.receive()Lorg/gradle/launcher/daemon/protocol/Message;+4
j  org.gradle.launcher.daemon.client.DaemonClient.monitorBuild(Lorg/gradle/launcher/daemon/protocol/Build;Lorg/gradle/launcher/daemon/diagnostics/DaemonDiagnostics;Lorg/gradle/launcher/daemon/client/DaemonClientConnection;Lorg/gradle/initialization/BuildCancellationToken;Lorg/gradle/initialization/BuildEventConsumer;)Ljava/lang/Object;+39
j  org.gradle.launcher.daemon.client.DaemonClient.executeBuild(Lorg/gradle/launcher/daemon/protocol/Build;Lorg/gradle/launcher/daemon/client/DaemonClientConnection;Lorg/gradle/initialization/BuildCancellationToken;Lorg/gradle/initialization/BuildEventConsumer;)Lorg/gradle/launcher/exec/BuildActionResult;+128
j  org.gradle.launcher.daemon.client.DaemonClient.execute(Lorg/gradle/internal/invocation/BuildAction;Lorg/gradle/launcher/exec/BuildActionParameters;Lorg/gradle/internal/daemon/client/execution/ClientBuildRequestContext;)Lorg/gradle/launcher/exec/BuildActionResult;+129
j  org.gradle.launcher.daemon.client.DaemonClient.execute(Lorg/gradle/internal/invocation/BuildAction;Ljava/lang/Object;Ljava/lang/Object;)Lorg/gradle/launcher/exec/BuildActionResult;+10
j  org.gradle.launcher.cli.RunBuildAction.run()V+67
j  org.gradle.internal.Actions$RunnableActionAdapter.execute(Ljava/lang/Object;)V+4
j  org.gradle.launcher.cli.DefaultCommandLineActionFactory$ParseAndBuildAction.execute(Lorg/gradle/launcher/bootstrap/ExecutionListener;)V+125
j  org.gradle.launcher.cli.DefaultCommandLineActionFactory$ParseAndBuildAction.execute(Ljava/lang/Object;)V+5
j  org.gradle.launcher.cli.DebugLoggerWarningAction.execute(Lorg/gradle/launcher/bootstrap/ExecutionListener;)V+9
j  org.gradle.launcher.cli.DebugLoggerWarningAction.execute(Ljava/lang/Object;)V+5
j  org.gradle.launcher.cli.WelcomeMessageAction.execute(Lorg/gradle/launcher/bootstrap/ExecutionListener;)V+218
j  org.gradle.launcher.cli.WelcomeMessageAction.execute(Ljava/lang/Object;)V+5
j  org.gradle.launcher.cli.NativeServicesInitializingAction.execute(Lorg/gradle/launcher/bootstrap/ExecutionListener;)V+38
j  org.gradle.launcher.cli.NativeServicesInitializingAction.execute(Ljava/lang/Object;)V+5
j  org.gradle.launcher.cli.ExceptionReportingAction.execute(Lorg/gradle/launcher/bootstrap/ExecutionListener;)V+5
j  org.gradle.launcher.cli.ExceptionReportingAction.execute(Ljava/lang/Object;)V+5
j  org.gradle.launcher.cli.DefaultCommandLineActionFactory$WithLogging.execute(Lorg/gradle/launcher/bootstrap/ExecutionListener;)V+309
j  org.gradle.launcher.Main.doAction([Ljava/lang/String;Lorg/gradle/launcher/bootstrap/ExecutionListener;)V+14
j  org.gradle.launcher.bootstrap.EntryPoint.run([Ljava/lang/String;)V+12
v  ~StubRoutines::call_stub
j  jdk.internal.reflect.NativeMethodAccessorImpl.invoke0(Ljava/lang/reflect/Method;Ljava/lang/Object;[Ljava/lang/Object;)Ljava/lang/Object;+0 java.base@17.0.11
j  jdk.internal.reflect.NativeMethodAccessorImpl.invoke(Ljava/lang/Object;[Ljava/lang/Object;)Ljava/lang/Object;+133 java.base@17.0.11
j  jdk.internal.reflect.DelegatingMethodAccessorImpl.invoke(Ljava/lang/Object;[Ljava/lang/Object;)Ljava/lang/Object;+6 java.base@17.0.11
j  java.lang.reflect.Method.invoke(Ljava/lang/Object;[Ljava/lang/Object;)Ljava/lang/Object;+59 java.base@17.0.11
j  org.gradle.launcher.bootstrap.ProcessBootstrap.runNoExit(Ljava/lang/String;Ljava/lang/String;Ljava/lang/String;[Ljava/lang/String;)V+205
j  org.gradle.launcher.bootstrap.ProcessBootstrap.run(Ljava/lang/String;Ljava/lang/String;Ljava/lang/String;[Ljava/lang/String;)V+4
j  org.gradle.launcher.GradleMain.main([Ljava/lang/String;)V+68
v  ~StubRoutines::call_stub
j  jdk.internal.reflect.NativeMethodAccessorImpl.invoke0(Ljava/lang/reflect/Method;Ljava/lang/Object;[Ljava/lang/Object;)Ljava/lang/Object;+0 java.base@17.0.11
j  jdk.internal.reflect.NativeMethodAccessorImpl.invoke(Ljava/lang/Object;[Ljava/lang/Object;)Ljava/lang/Object;+133 java.base@17.0.11
j  jdk.internal.reflect.DelegatingMethodAccessorImpl.invoke(Ljava/lang/Object;[Ljava/lang/Object;)Ljava/lang/Object;+6 java.base@17.0.11
j  java.lang.reflect.Method.invoke(Ljava/lang/Object;[Ljava/lang/Object;)Ljava/lang/Object;+59 java.base@17.0.11
j  org.gradle.wrapper.BootstrapMainStarter.start([Ljava/lang/String;Ljava/io/File;)V+82
j  org.gradle.wrapper.WrapperExecutor.execute([Ljava/lang/String;Lorg/gradle/wrapper/Install;Lorg/gradle/wrapper/BootstrapMainStarter;)V+14
j  org.gradle.wrapper.GradleWrapperMain.main([Ljava/lang/String;)V+190
v  ~StubRoutines::call_stub
method entry point (kind = native)  [0x000001dd0753d300, 0x000001dd0753dc80]  2432 bytes
[MachCode]
  0x000001dd0753d300: 488b 4b08 | 0fb7 492c | 584c 8d74 | ccf8 6800 | 0000 0068 | 0000 0000 | 5055 488b | ec41 5568 
  0x000001dd0753d320: 0000 0000 | 4c8b 6b08 | 4d8d 6d30 | 5348 8b53 | 0848 8b52 | 0848 8b52 | 1848 8b52 | 7048 8b12 
  0x000001dd0753d340: 5248 8b53 | 1048 85d2 | 0f84 0700 | 0000 4881 | c208 0100 | 0052 488b | 5308 488b | 5208 488b 
  0x000001dd0753d360: 5210 5241 | 5668 0000 | 0000 6800 | 0000 0048 | 8924 2441 | c687 7903 | 0000 0148 | 8b43 1048 
  0x000001dd0753d380: 85c0 7420 | 8b88 cc00 | 0000 83c1 | 0289 88cc | 0000 0023 | 88e0 0000 | 000f 842f | 0800 00e9 
  0x000001dd0753d3a0: d100 0000 | 488b 4318 | 4885 c00f | 85b2 0000 | 00e8 0500 | 0000 e99b | 0000 0048 | 8bd3 488d 
  0x000001dd0753d3c0: 4424 084c | 896d c049 | 8bcf c5f8 | 7749 89af | a802 0000 | 4989 8798 | 0200 0048 | 83ec 20f7 
  0x000001dd0753d3e0: c40f 0000 | 000f 841a | 0000 0048 | 83ec 0849 | ba90 6a5b | a6fd 7f00 | 0041 ffd2 | 4883 c408 
  0x000001dd0753d400: e90d 0000 | 0049 ba90 | 6a5b a6fd | 7f00 0041 | ffd2 4883 | c420 49c7 | 8798 0200 | 0000 0000 
  0x000001dd0753d420: 0049 c787 | a802 0000 | 0000 0000 | 49c7 87a0 | 0200 0000 | 0000 00c5 | f877 4981 | 7f08 0000 
  0x000001dd0753d440: 0000 0f84 | 0500 0000 | e9b3 3aff | ff4c 8b6d | c04c 8b75 | c8c3 488b | 4318 4885 | c00f 8412 
  0x000001dd0753d460: 0000 008b | 4808 83c1 | 0289 4808 | 2348 200f | 8459 0700 | 0089 8424 | 0090 ffff | 41c6 8779 
  0x000001dd0753d480: 0300 0000 | 49ba 683a | dca6 fd7f | 0000 4180 | 3a00 0f84 | 4200 0000 | 488b 55e8 | 498b cf48 
  0x000001dd0753d4a0: 83ec 20f7 | c40f 0000 | 000f 841a | 0000 0048 | 83ec 0849 | ba30 e491 | a6fd 7f00 | 0041 ffd2 
  0x000001dd0753d4c0: 4883 c408 | e90d 0000 | 0049 ba30 | e491 a6fd | 7f00 0041 | ffd2 4883 | c420 488b | 5de8 4c8b 
  0x000001dd0753d4e0: 5b08 450f | b75b 2c41 | c1e3 0349 | 2be3 4883 | ec20 4883 | e4f0 4c8b | 5b70 4d85 | db0f 85ad 
  0x000001dd0753d500: 0000 00e8 | 0500 0000 | e99b 0000 | 0048 8bd3 | 488d 4424 | 084c 896d | c049 8bcf | c5f8 7749 
  0x000001dd0753d520: 89af a802 | 0000 4989 | 8798 0200 | 0048 83ec | 20f7 c40f | 0000 000f | 841a 0000 | 0048 83ec 
  0x000001dd0753d540: 0849 ba20 | 965b a6fd | 7f00 0041 | ffd2 4883 | c408 e90d | 0000 0049 | ba20 965b | a6fd 7f00 
  0x000001dd0753d560: 0041 ffd2 | 4883 c420 | 49c7 8798 | 0200 0000 | 0000 0049 | c787 a802 | 0000 0000 | 0000 49c7 
  0x000001dd0753d580: 87a0 0200 | 0000 0000 | 00c5 f877 | 4981 7f08 | 0000 0000 | 0f84 0500 | 0000 e961 | 39ff ff4c 
  0x000001dd0753d5a0: 8b6d c04c | 8b75 c8c3 | 488b 5de8 | 4c8b 5b70 | 41ff d348 | 8b5d e848 | 8945 1844 | 8b5b 2841 
  0x000001dd0753d5c0: f7c3 0800 | 0000 0f84 | 1b00 0000 | 4c8b 5b08 | 4d8b 5b08 | 4d8b 5b18 | 4d8b 5b70 | 4d8b 1b4c 
  0x000001dd0753d5e0: 895d 1048 | 8d55 1048 | 8b43 6849 | ba00 3392 | a6fd 7f00 | 0049 3bc2 | 0f85 ad00 | 0000 e805 
  0x000001dd0753d600: 0000 00e9 | 9b00 0000 | 488b d348 | 8d44 2408 | 4c89 6dc0 | 498b cfc5 | f877 4989 | afa8 0200 
  0x000001dd0753d620: 0049 8987 | 9802 0000 | 4883 ec20 | f7c4 0f00 | 0000 0f84 | 1a00 0000 | 4883 ec08 | 49ba 2096 
  0x000001dd0753d640: 5ba6 fd7f | 0000 41ff | d248 83c4 | 08e9 0d00 | 0000 49ba | 2096 5ba6 | fd7f 0000 | 41ff d248 
  0x000001dd0753d660: 83c4 2049 | c787 9802 | 0000 0000 | 0000 49c7 | 87a8 0200 | 0000 0000 | 0049 c787 | a002 0000 
  0x000001dd0753d680: 0000 0000 | c5f8 7749 | 817f 0800 | 0000 000f | 8405 0000 | 00e9 6638 | ffff 4c8b | 6dc0 4c8b 
  0x000001dd0753d6a0: 75c8 c348 | 8b5d e848 | 8b43 6849 | 8d8f b802 | 0000 c5f8 | 7749 89af | a802 0000 | 49ba b2d6 
  0x000001dd0753d6c0: 5307 dd01 | 0000 4d89 | 97a0 0200 | 0049 89a7 | 9802 0000 | 41c7 8748 | 0300 0004 | 0000 00ff 
  0x000001dd0753d6e0: d0c5 f877 | 4883 ec10 | c5fb 1104 | 2448 83ec | 1048 8904 | 2448 c744 | 2408 0000 | 0000 41c7 
  0x000001dd0753d700: 8748 0300 | 0005 0000 | 00f0 8344 | 24c0 0049 | 3baf 5003 | 0000 0f87 | 1100 0000 | 4181 bf38 
  0x000001dd0753d720: 0300 0000 | 0000 000f | 8421 0000 | 0049 8bcf | 4c8b e448 | 83ec 2048 | 83e4 f049 | ba00 ffa1 
  0x000001dd0753d740: a6fd 7f00 | 0041 ffd2 | 498b e44d | 33e4 41c7 | 8748 0300 | 0008 0000 | 0049 c787 | 9802 0000 
  0x000001dd0753d760: 0000 0000 | 49c7 87a8 | 0200 0000 | 0000 0049 | c787 a002 | 0000 0000 | 0000 c5f8 | 774d 8b9f 
  0x000001dd0753d780: d800 0000 | 41c7 8300 | 0100 0000 | 0000 0049 | bbfb af53 | 07dd 0100 | 004c 3b5d | 180f 85b9 
  0x000001dd0753d7a0: 0000 0048 | 8b04 2448 | 83c4 1048 | 85c0 0f84 | 9300 0000 | 48f7 c001 | 0000 000f | 8483 0000 
  0x000001dd0753d7c0: 0048 8b40 | ff41 807f | 3800 0f84 | 6f00 0000 | 4883 f800 | 0f84 6500 | 0000 4d8b | 5f20 4983 
  0x000001dd0753d7e0: fb00 0f84 | 1400 0000 | 4983 eb08 | 4d89 5f20 | 4d03 5f30 | 4989 03e9 | 4300 0000 | 5049 8bd7 
  0x000001dd0753d800: 488b c848 | 83ec 20f7 | c40f 0000 | 000f 841a | 0000 0048 | 83ec 0849 | bae0 7350 | a6fd 7f00 
  0x000001dd0753d820: 0041 ffd2 | 4883 c408 | e90d 0000 | 0049 bae0 | 7350 a6fd | 7f00 0041 | ffd2 4883 | c420 58e9 
  0x000001dd0753d840: 0300 0000 | 488b 0048 | 8945 1048 | 83ec 1048 | 8904 2448 | c744 2408 | 0000 0000 | 4181 bfb8 
  0x000001dd0753d860: 0300 0002 | 0000 000f | 85c0 0000 | 0048 81ec | 8000 0000 | 4889 4424 | 7848 894c | 2470 4889 
  0x000001dd0753d880: 5424 6848 | 895c 2460 | 4889 6c24 | 5048 8974 | 2448 4889 | 7c24 404c | 8944 2438 | 4c89 4c24 
  0x000001dd0753d8a0: 304c 8954 | 2428 4c89 | 5c24 204c | 8964 2418 | 4c89 6c24 | 104c 8974 | 2408 4c89 | 3c24 4c8b 
  0x000001dd0753d8c0: e448 83ec | 2048 83e4 | f049 bab0 | 1492 a6fd | 7f00 0041 | ffd2 498b | e44c 8b3c | 244c 8b74 
  0x000001dd0753d8e0: 2408 4c8b | 6c24 104c | 8b64 2418 | 4c8b 5c24 | 204c 8b54 | 2428 4c8b | 4c24 304c | 8b44 2438 
  0x000001dd0753d900: 488b 7c24 | 4048 8b74 | 2448 488b | 6c24 5048 | 8b5c 2460 | 488b 5424 | 6848 8b4c | 2470 488b 
  0x000001dd0753d920: 4424 7848 | 81c4 8000 | 0000 4d33 | e448 8b5d | e84c 8b6b | 084d 8d6d | 3049 817f | 0800 0000 
  0x000001dd0753d940: 000f 84be | 0000 00e8 | 0500 0000 | e998 0000 | 0048 8d44 | 2408 4c89 | 6dc0 498b | cfc5 f877 
  0x000001dd0753d960: 4989 afa8 | 0200 0049 | 8987 9802 | 0000 4883 | ec20 f7c4 | 0f00 0000 | 0f84 1a00 | 0000 4883 
  0x000001dd0753d980: ec08 49ba | 60b4 5ba6 | fd7f 0000 | 41ff d248 | 83c4 08e9 | 0d00 0000 | 49ba 60b4 | 5ba6 fd7f 
  0x000001dd0753d9a0: 0000 41ff | d248 83c4 | 2049 c787 | 9802 0000 | 0000 0000 | 49c7 87a8 | 0200 0000 | 0000 0049 
  0x000001dd0753d9c0: c787 a002 | 0000 0000 | 0000 c5f8 | 7749 817f | 0800 0000 | 000f 8405 | 0000 00e9 | 2035 ffff 
  0x000001dd0753d9e0: 4c8b 6dc0 | 4c8b 75c8 | c348 b9e0 | 6db6 a6fd | 7f00 0048 | 83e4 f049 | ba30 ce7e | a6fd 7f00 
  0x000001dd0753da00: 0041 ffd2 | f444 8b5b | 2841 f7c3 | 2000 0000 | 0f84 3f01 | 0000 488d | 55a8 4c8b | 5a08 4d85 
  0x000001dd0753da20: db0f 85be | 0000 00e8 | 0500 0000 | e998 0000 | 0048 8d44 | 2408 4c89 | 6dc0 498b | cfc5 f877 
  0x000001dd0753da40: 4989 afa8 | 0200 0049 | 8987 9802 | 0000 4883 | ec20 f7c4 | 0f00 0000 | 0f84 1a00 | 0000 4883 
  0x000001dd0753da60: ec08 49ba | 80b3 5ba6 | fd7f 0000 | 41ff d248 | 83c4 08e9 | 0d00 0000 | 49ba 80b3 | 5ba6 fd7f 
  0x000001dd0753da80: 0000 41ff | d248 83c4 | 2049 c787 | 9802 0000 | 0000 0000 | 49c7 87a8 | 0200 0000 | 0000 0049 
  0x000001dd0753daa0: c787 a002 | 0000 0000 | 0000 c5f8 | 7749 817f | 0800 0000 | 000f 8405 | 0000 00e9 | 4034 ffff 
  0x000001dd0753dac0: 4c8b 6dc0 | 4c8b 75c8 | c348 b9e0 | 6db6 a6fd | 7f00 0048 | 83e4 f049 | ba30 ce7e | a6fd 7f00 
  0x000001dd0753dae0: 0041 ffd2 | f44c 896d | c048 8d02 | 4c8b 4a08 | 48c7 4208 | 0000 0000 | 4c8b 004d | 85c0 0f84 
  0x000001dd0753db00: 4d00 0000 | f04d 0fb1 | 010f 8442 | 0000 004c | 894a 0848 | 8bca 4883 | ec20 f7c4 | 0f00 0000 
  0x000001dd0753db20: 0f84 1a00 | 0000 4883 | ec08 49ba | 9085 5ba6 | fd7f 0000 | 41ff d248 | 83c4 08e9 | 0d00 0000 
  0x000001dd0753db40: 49ba 9085 | 5ba6 fd7f | 0000 41ff | d248 83c4 | 204c 8b6d | c049 ba68 | 3adc a6fd | 7f00 0041 
  0x000001dd0753db60: 803a 000f | 8442 0000 | 0048 8b55 | e849 8bcf | 4883 ec20 | f7c4 0f00 | 0000 0f84 | 1a00 0000 
  0x000001dd0753db80: 4883 ec08 | 49ba 30e4 | 91a6 fd7f | 0000 41ff | d248 83c4 | 08e9 0d00 | 0000 49ba | 30e4 91a6 
  0x000001dd0753dba0: fd7f 0000 | 41ff d248 | 83c4 2048 | 8b04 2448 | 83c4 10c5 | fb10 0424 | 4883 c410 | 4c8b 5d18 
  0x000001dd0753dbc0: 41ff d34c | 8b5d f8c9 | 5f49 8be3 | ffe7 ba00 | 0000 00e8 | 0500 0000 | e998 0000 | 0048 8d44 
  0x000001dd0753dbe0: 2408 4c89 | 6dc0 498b | cfc5 f877 | 4989 afa8 | 0200 0049 | 8987 9802 | 0000 4883 | ec20 f7c4 
  0x000001dd0753dc00: 0f00 0000 | 0f84 1a00 | 0000 4883 | ec08 49ba | 8075 5ba6 | fd7f 0000 | 41ff d248 | 83c4 08e9 
  0x000001dd0753dc20: 0d00 0000 | 49ba 8075 | 5ba6 fd7f | 0000 41ff | d248 83c4 | 2049 c787 | 9802 0000 | 0000 0000 
  0x000001dd0753dc40: 49c7 87a8 | 0200 0000 | 0000 0049 | c787 a002 | 0000 0000 | 0000 c5f8 | 7749 817f | 0800 0000 
  0x000001dd0753dc60: 000f 8405 | 0000 00e9 | 9432 ffff | 4c8b 6dc0 | 4c8b 75c8 | c348 8b5d | e8e9 f7f7 | ffff 6690 
[/MachCode]

Compiled method (c1)    1609 1390       3       java.security.AccessController::doPrivileged (9 bytes)
 total in heap  [0x000001dd00288990,0x000001dd00288fd8] = 1608
 relocation     [0x000001dd00288ae8,0x000001dd00288b50] = 104
 main code      [0x000001dd00288b60,0x000001dd00288e40] = 736
 stub code      [0x000001dd00288e40,0x000001dd00288e98] = 88
 metadata       [0x000001dd00288e98,0x000001dd00288eb0] = 24
 scopes data    [0x000001dd00288eb0,0x000001dd00288f30] = 128
 scopes pcs     [0x000001dd00288f30,0x000001dd00288fc0] = 144
 dependencies   [0x000001dd00288fc0,0x000001dd00288fc8] = 8
 nul chk table  [0x000001dd00288fc8,0x000001dd00288fd8] = 16

[Constant Pool (empty)]

[MachCode]
[Verified Entry Point]
  # {method} {0x000001dd1803ba00} 'doPrivileged' '(Ljava/security/PrivilegedAction;)Ljava/lang/Object;' in 'java/security/AccessController'
  # parm0:    rdx:rdx   = 'java/security/PrivilegedAction'
  #           [sp+0x70]  (sp of caller)
  0x000001dd00288b60: 8984 2400 | 90ff ff55 | 4883 ec60 

  0x000001dd00288b6c: ;   {metadata(method data for {method} {0x000001dd1803ba00} 'doPrivileged' '(Ljava/security/PrivilegedAction;)Ljava/lang/Object;' in 'java/security/AccessController')}
  0x000001dd00288b6c: 48be e03d | 7f18 dd01 | 0000 8bbe | cc00 0000 | 83c7 0289 | becc 0000 | 0081 e7fe | 0700 0083 
  0x000001dd00288b8c: ff00 0f84 | cc01 0000 | 4889 5424 

  0x000001dd00288b98: ;   {metadata(method data for {method} {0x000001dd1803ba00} 'doPrivileged' '(Ljava/security/PrivilegedAction;)Ljava/lang/Object;' in 'java/security/AccessController')}
  0x000001dd00288b98: 4048 bee0 | 3d7f 18dd | 0100 0048 | 8386 1001 | 0000 010f 

  0x000001dd00288bac: ;   {static_call}
  0x000001dd00288bac: 1f40 00e8 

  0x000001dd00288bb0: ; ImmutableOopMap {[64]=Oop }
                      ;*invokestatic getCallerClass {reexecute=0 rethrow=0 return_oop=0}
                      ; - java.security.AccessController::doPrivileged@2 (line 318)
  0x000001dd00288bb0: 8c18 8807 

  0x000001dd00288bb4: ;   {metadata(method data for {method} {0x000001dd1803ba00} 'doPrivileged' '(Ljava/security/PrivilegedAction;)Ljava/lang/Object;' in 'java/security/AccessController')}
  0x000001dd00288bb4: 48ba e03d | 7f18 dd01 | 0000 4883 | 8220 0100 

  0x000001dd00288bc4: ;   {metadata(method data for {method} {0x000001dd1803c8e8} 'executePrivileged' '(Ljava/security/PrivilegedAction;Ljava/security/AccessControlContext;Ljava/lang/Class;)Ljava/lang/Object;' in 'java/security/AccessController')}
  0x000001dd00288bc4: 0001 48ba | 503f 7f18 | dd01 0000 | 8bb2 cc00 | 0000 83c6 | 0289 b2cc | 0000 0081 | e6fe ff1f 
  0x000001dd00288be4: 0083 fe00 | 0f84 9301 

  0x000001dd00288bec: ;   {metadata(method data for {method} {0x000001dd1803c8e8} 'executePrivileged' '(Ljava/security/PrivilegedAction;Ljava/security/AccessControlContext;Ljava/lang/Class;)Ljava/lang/Object;' in 'java/security/AccessController')}
  0x000001dd00288bec: 0000 48ba | 503f 7f18 | dd01 0000 | ff82 1001 

  0x000001dd00288bfc: ;   {metadata(method data for {method} {0x000001dd1803c8e8} 'executePrivileged' '(Ljava/security/PrivilegedAction;Ljava/security/AccessControlContext;Ljava/lang/Class;)Ljava/lang/Object;' in 'java/security/AccessController')}
  0x000001dd00288bfc: 0000 48ba | 503f 7f18 | dd01 0000 | ff82 4001 | 0000 4889 | 4424 4848 | 8b54 2440 

  0x000001dd00288c18: ; implicit exception: dispatches to 0x000001dd00288da2
  0x000001dd00288c18: 483b 0248 

  0x000001dd00288c1c: ;   {metadata(method data for {method} {0x000001dd1803c8e8} 'executePrivileged' '(Ljava/security/PrivilegedAction;Ljava/security/AccessControlContext;Ljava/lang/Class;)Ljava/lang/Object;' in 'java/security/AccessController')}
  0x000001dd00288c1c: 8bf2 48bf | 503f 7f18 | dd01 0000 | 8b76 0849 | ba00 0000 | 0008 0000 | 0049 03f2 | 483b b7b0 
  0x000001dd00288c3c: 0100 0075 | 0d48 8387 | b801 0000 | 01e9 6600 | 0000 483b | b7c0 0100 | 0075 0d48 | 8387 c801 
  0x000001dd00288c5c: 0000 01e9 | 5000 0000 | 4881 bfb0 | 0100 0000 | 0000 0075 | 1748 89b7 | b001 0000 | 48c7 87b8 
  0x000001dd00288c7c: 0100 0001 | 0000 00e9 | 2c00 0000 | 4881 bfc0 | 0100 0000 | 0000 0075 | 1748 89b7 | c001 0000 
  0x000001dd00288c9c: 48c7 87c8 | 0100 0001 | 0000 00e9 | 0800 0000 | 4883 87a0 | 0100 0001 | 9048 b870 | 1f6f 1ddd 
  0x000001dd00288cbc: ;   {virtual_call}
  0x000001dd00288cbc: 0100 00e8 

  0x000001dd00288cc0: ; ImmutableOopMap {[72]=Oop }
                      ;*invokeinterface run {reexecute=0 rethrow=0 return_oop=0}
                      ; - java.security.AccessController::executePrivileged@29 (line 776)
                      ; - java.security.AccessController::doPrivileged@5 (line 318)
  0x000001dd00288cc0: bc77 3a07 

  0x000001dd00288cc4: ;   {metadata(method data for {method} {0x000001dd1803c8e8} 'executePrivileged' '(Ljava/security/PrivilegedAction;Ljava/security/AccessControlContext;Ljava/lang/Class;)Ljava/lang/Object;' in 'java/security/AccessController')}
  0x000001dd00288cc4: 48be 503f | 7f18 dd01 | 0000 ff86 | d801 0000 | 488b 7424 

  0x000001dd00288cd8: ;   {metadata(method data for {method} {0x000001dd1803c8e8} 'executePrivileged' '(Ljava/security/PrivilegedAction;Ljava/security/AccessControlContext;Ljava/lang/Class;)Ljava/lang/Object;' in 'java/security/AccessController')}
  0x000001dd00288cd8: 4848 bf50 | 3f7f 18dd | 0100 0048 | 8387 3802 

  0x000001dd00288ce8: ;   {metadata(method data for {method} {0x000001dd180429e0} 'reachabilityFence' '(Ljava/lang/Object;)V' in 'java/lang/ref/Reference')}
  0x000001dd00288ce8: 0000 0148 | bf58 3657 | 18dd 0100 | 008b 9fcc | 0000 0083 | c302 899f | cc00 0000 | 81e3 feff 
  0x000001dd00288d08: 1f00 83fb | 000f 8494 

  0x000001dd00288d10: ;   {metadata(method data for {method} {0x000001dd1803c8e8} 'executePrivileged' '(Ljava/security/PrivilegedAction;Ljava/security/AccessControlContext;Ljava/lang/Class;)Ljava/lang/Object;' in 'java/security/AccessController')}
  0x000001dd00288d10: 0000 0048 | be50 3f7f | 18dd 0100 | 0048 8386 | 4802 0000 

  0x000001dd00288d24: ;   {metadata(method data for {method} {0x000001dd180429e0} 'reachabilityFence' '(Ljava/lang/Object;)V' in 'java/lang/ref/Reference')}
  0x000001dd00288d24: 0148 be58 | 3657 18dd | 0100 008b | becc 0000 | 0083 c702 | 89be cc00 | 0000 81e7 | feff 1f00 
  0x000001dd00288d44: 83ff 000f | 847b 0000 | 0048 83c4 

  0x000001dd00288d50: ;   {poll_return}
  0x000001dd00288d50: 605d 493b | a750 0300 | 000f 878a | 0000 00c3 

  0x000001dd00288d60: ;   {metadata({method} {0x000001dd1803ba00} 'doPrivileged' '(Ljava/security/PrivilegedAction;)Ljava/lang/Object;' in 'java/security/AccessController')}
  0x000001dd00288d60: 49ba f8b9 | 0318 dd01 | 0000 4c89 | 5424 0848 | c704 24ff 

  0x000001dd00288d74: ;   {runtime_call counter_overflow Runtime1 stub}
  0x000001dd00288d74: ffff ffe8 

  0x000001dd00288d78: ; ImmutableOopMap {rdx=Oop }
                      ;*synchronization entry
                      ; - java.security.AccessController::doPrivileged@-1 (line 318)
  0x000001dd00288d78: 0447 3a07 | e913 feff 

  0x000001dd00288d80: ;   {metadata({method} {0x000001dd1803c8e8} 'executePrivileged' '(Ljava/security/PrivilegedAction;Ljava/security/AccessControlContext;Ljava/lang/Class;)Ljava/lang/Object;' in 'java/security/AccessController')}
  0x000001dd00288d80: ff49 bae0 | c803 18dd | 0100 004c | 8954 2408 | 48c7 0424 | ffff ffff 

  0x000001dd00288d98: ;   {runtime_call counter_overflow Runtime1 stub}
  0x000001dd00288d98: e8e3 463a 

  0x000001dd00288d9c: ; ImmutableOopMap {[64]=Oop rax=Oop }
                      ;*synchronization entry
                      ; - java.security.AccessController::executePrivileged@-1 (line 771)
                      ; - java.security.AccessController::doPrivileged@5 (line 318)
  0x000001dd00288d9c: 07e9 4cfe 

  0x000001dd00288da0: ;   {runtime_call throw_null_pointer_exception Runtime1 stub}
  0x000001dd00288da0: ffff e879 

  0x000001dd00288da4: ; ImmutableOopMap {rdx=Oop [72]=Oop }
                      ;*invokeinterface run {reexecute=0 rethrow=0 return_oop=0}
                      ; - java.security.AccessController::executePrivileged@29 (line 776)
                      ; - java.security.AccessController::doPrivileged@5 (line 318)
                      ;   {metadata({method} {0x000001dd180429e0} 'reachabilityFence' '(Ljava/lang/Object;)V' in 'java/lang/ref/Reference')}
  0x000001dd00288da4: e439 0749 | bad8 2904 | 18dd 0100 | 004c 8954 | 2408 48c7 | 0424 ffff 

  0x000001dd00288dbc: ;   {runtime_call counter_overflow Runtime1 stub}
  0x000001dd00288dbc: ffff e8bd 

  0x000001dd00288dc0: ; ImmutableOopMap {rax=Oop rsi=Oop }
                      ;*synchronization entry
                      ; - java.lang.ref.Reference::reachabilityFence@-1 (line 621)
                      ; - java.security.AccessController::executePrivileged@56 (line 781)
                      ; - java.security.AccessController::doPrivileged@5 (line 318)
  0x000001dd00288dc0: 463a 07e9 | 4bff ffff 

  0x000001dd00288dc8: ;   {metadata({method} {0x000001dd180429e0} 'reachabilityFence' '(Ljava/lang/Object;)V' in 'java/lang/ref/Reference')}
  0x000001dd00288dc8: 49ba d829 | 0418 dd01 | 0000 4c89 | 5424 0848 | c704 24ff 

  0x000001dd00288ddc: ;   {runtime_call counter_overflow Runtime1 stub}
  0x000001dd00288ddc: ffff ffe8 

  0x000001dd00288de0: ; ImmutableOopMap {rax=Oop }
                      ;*synchronization entry
                      ; - java.lang.ref.Reference::reachabilityFence@-1 (line 621)
                      ; - java.security.AccessController::executePrivileged@60 (line 782)
                      ; - java.security.AccessController::doPrivileged@5 (line 318)
  0x000001dd00288de0: 9c46 3a07 | e964 ffff 

  0x000001dd00288de8: ;   {internal_word}
  0x000001dd00288de8: ff49 ba52 | 8d28 00dd | 0100 004d | 8997 6803 

  0x000001dd00288df8: ;   {runtime_call SafepointBlob}
  0x000001dd00288df8: 0000 e981 | 0130 0790 | 9049 8b87 | e003 0000 | 49c7 87e0 | 0300 0000 | 0000 0049 | c787 e803 
  0x000001dd00288e18: 0000 0000 | 0000 4883 

  0x000001dd00288e20: ;   {runtime_call unwind_exception Runtime1 stub}
  0x000001dd00288e20: c460 5de9 | d803 3107 | f4f4 f4f4 | f4f4 f4f4 | f4f4 f4f4 | f4f4 f4f4 | f4f4 f4f4 | f4f4 f4f4 
[Stub Code]
  0x000001dd00288e40: ;   {no_reloc}
  0x000001dd00288e40: 0f1f 4400 

  0x000001dd00288e44: ;   {static_stub}
  0x000001dd00288e44: 0048 bb00 | 0000 0000 

  0x000001dd00288e4c: ;   {runtime_call}
  0x000001dd00288e4c: 0000 00e9 | fbff ffff 

  0x000001dd00288e54: ;   {static_stub}
  0x000001dd00288e54: 9048 bb00 | 0000 0000 

  0x000001dd00288e5c: ;   {runtime_call}
  0x000001dd00288e5c: 0000 00e9 | fbff ffff 
[Exception Handler]
  0x000001dd00288e64: ;   {runtime_call handle_exception_from_callee Runtime1 stub}
  0x000001dd00288e64: e897 093a 

  0x000001dd00288e68: ;   {external_word}
  0x000001dd00288e68: 0748 b9e0 | 6db6 a6fd | 7f00 0048 

  0x000001dd00288e74: ;   {runtime_call}
  0x000001dd00288e74: 83e4 f049 | ba30 ce7e | a6fd 7f00 | 0041 ffd2 

  0x000001dd00288e84: ;   {section_word}
  0x000001dd00288e84: f449 ba85 | 8e28 00dd | 0100 0041 

  0x000001dd00288e90: ;   {runtime_call DeoptimizationBlob}
  0x000001dd00288e90: 52e9 8a15 | 3007 f4f4 
[/MachCode]


---------------  P R O C E S S  ---------------

Threads class SMR info:
_java_thread_list=0x000001dd1d932320, length=16, elements={
0x000001dd7869e650, 0x000001dd7fc6e600, 0x000001dd7fc6f850, 0x000001dd17423430,
0x000001dd17423910, 0x000001dd17424960, 0x000001dd1742a530, 0x000001dd1742cd50,
0x000001dd1742e950, 0x000001dd17430e80, 0x000001dd17597030, 0x000001dd175a8540,
0x000001dd1ceea040, 0x000001dd1d2b0de0, 0x000001dd1cdf66e0, 0x000001dd1cae3390
}

Java Threads: ( => current thread )
=>0x000001dd7869e650 JavaThread "main" [_thread_in_vm, id=12648, stack(0x0000001c47700000,0x0000001c47800000)]
  0x000001dd7fc6e600 JavaThread "Reference Handler" daemon [_thread_blocked, id=2776, stack(0x0000001c47e00000,0x0000001c47f00000)]
  0x000001dd7fc6f850 JavaThread "Finalizer" daemon [_thread_blocked, id=8720, stack(0x0000001c47f00000,0x0000001c48000000)]
  0x000001dd17423430 JavaThread "Signal Dispatcher" daemon [_thread_blocked, id=11488, stack(0x0000001c48000000,0x0000001c48100000)]
  0x000001dd17423910 JavaThread "Attach Listener" daemon [_thread_blocked, id=22700, stack(0x0000001c48100000,0x0000001c48200000)]
  0x000001dd17424960 JavaThread "Service Thread" daemon [_thread_blocked, id=8200, stack(0x0000001c48200000,0x0000001c48300000)]
  0x000001dd1742a530 JavaThread "Monitor Deflation Thread" daemon [_thread_blocked, id=4268, stack(0x0000001c48300000,0x0000001c48400000)]
  0x000001dd1742cd50 JavaThread "C2 CompilerThread0" daemon [_thread_blocked, id=16576, stack(0x0000001c48400000,0x0000001c48500000)]
  0x000001dd1742e950 JavaThread "C1 CompilerThread0" daemon [_thread_blocked, id=16200, stack(0x0000001c48500000,0x0000001c48600000)]
  0x000001dd17430e80 JavaThread "Sweeper thread" daemon [_thread_blocked, id=12376, stack(0x0000001c48600000,0x0000001c48700000)]
  0x000001dd17597030 JavaThread "Notification Thread" daemon [_thread_blocked, id=4624, stack(0x0000001c48700000,0x0000001c48800000)]
  0x000001dd175a8540 JavaThread "Common-Cleaner" daemon [_thread_blocked, id=17228, stack(0x0000001c48900000,0x0000001c48a00000)]
  0x000001dd1ceea040 JavaThread "pool-1-thread-1" [_thread_in_vm, id=18392, stack(0x0000001c49100000,0x0000001c49200000)]
  0x000001dd1d2b0de0 JavaThread "Exec process" [_thread_blocked, id=5172, stack(0x0000001c49200000,0x0000001c49300000)]
  0x000001dd1cdf66e0 JavaThread "Exec process Thread 2" [_thread_blocked, id=18260, stack(0x0000001c49300000,0x0000001c49400000)]
  0x000001dd1cae3390 JavaThread "Exec process Thread 3" [_thread_blocked, id=6532, stack(0x0000001c49400000,0x0000001c49500000)]

Other Threads:
  0x000001dd173d1630 VMThread "VM Thread" [stack: 0x0000001c47d00000,0x0000001c47e00000] [id=23220]
  0x000001dd7fc7ed30 WatcherThread [stack: 0x0000001c48800000,0x0000001c48900000] [id=16028]
  0x000001dd7870c070 GCTaskThread "GC Thread#0" [stack: 0x0000001c47800000,0x0000001c47900000] [id=11028]
  0x000001dd1c157a10 GCTaskThread "GC Thread#1" [stack: 0x0000001c48c00000,0x0000001c48d00000] [id=22292]
  0x000001dd1c39a6e0 GCTaskThread "GC Thread#2" [stack: 0x0000001c48d00000,0x0000001c48e00000] [id=16056]
  0x000001dd1c39a9a0 GCTaskThread "GC Thread#3" [stack: 0x0000001c48e00000,0x0000001c48f00000] [id=2004]
  0x000001dd1c374680 GCTaskThread "GC Thread#4" [stack: 0x0000001c48f00000,0x0000001c49000000] [id=11392]
  0x000001dd1c374940 GCTaskThread "GC Thread#5" [stack: 0x0000001c49000000,0x0000001c49100000] [id=1744]
  0x000001dd1c444580 GCTaskThread "GC Thread#6" [stack: 0x0000001c49500000,0x0000001c49600000] [id=8004]
  0x000001dd1d6d2c00 GCTaskThread "GC Thread#7" [stack: 0x0000001c49600000,0x0000001c49700000] [id=11976]
  0x000001dd1d6d2ec0 GCTaskThread "GC Thread#8" [stack: 0x0000001c49700000,0x0000001c49800000] [id=14484]
  0x000001dd1d710810 GCTaskThread "GC Thread#9" [stack: 0x0000001c49800000,0x0000001c49900000] [id=18208]
  0x000001dd7871cbf0 ConcurrentGCThread "G1 Main Marker" [stack: 0x0000001c47900000,0x0000001c47a00000] [id=21172]
  0x000001dd7871ef40 ConcurrentGCThread "G1 Conc#0" [stack: 0x0000001c47a00000,0x0000001c47b00000] [id=19352]
  0x000001dd7874e360 ConcurrentGCThread "G1 Refine#0" [stack: 0x0000001c47b00000,0x0000001c47c00000] [id=10416]
  0x000001dd7874e750 ConcurrentGCThread "G1 Service" [stack: 0x0000001c47c00000,0x0000001c47d00000] [id=18576]

Threads with active compile tasks:

VM state: not at safepoint (normal execution)

VM Mutex/Monitor currently owned by a thread:  ([mutex/lock_event])
[0x000001dd7629fbf0] Metaspace_lock - owner thread: 0x000001dd7869e650

Heap address: 0x0000000704400000, size: 4028 MB, Compressed Oops mode: Zero based, Oop shift amount: 3

CDS archive(s) not mapped
Compressed class space mapped at: 0x0000000800000000-0x0000000840000000, reserved size: 1073741824
Narrow klass base: 0x0000000800000000, Narrow klass shift: 0, Narrow klass range: 0x40000000

GC Precious Log:
 CPUs: 12 total, 12 available
 Memory: 16110M
 Large Page Support: Disabled
 NUMA Support: Disabled
 Compressed Oops: Enabled (Zero based)
 Heap Region Size: 2M
 Heap Min Capacity: 8M
 Heap Initial Capacity: 252M
 Heap Max Capacity: 4028M
 Pre-touch: Disabled
 Parallel Workers: 10
 Concurrent Workers: 3
 Concurrent Refinement Workers: 10
 Periodic GC: Disabled

Heap:
 garbage-first heap   total 258048K, used 14478K [0x0000000704400000, 0x0000000800000000)
  region size 2048K, 5 young (10240K), 3 survivors (6144K)
 Metaspace       used 18717K, committed 18880K, reserved 1114112K
  class space    used 2207K, committed 2304K, reserved 1048576K

Heap Regions: E=young(eden), S=young(survivor), O=old, HS=humongous(starts), HC=humongous(continues), CS=collection set, F=free, OA=open archive, CA=closed archive, TAMS=top-at-mark-start (previous, next)
|   0|0x0000000704400000, 0x0000000704600000, 0x0000000704600000|100%|HS|  |TAMS 0x0000000704400000, 0x0000000704400000| Complete 
|   1|0x0000000704600000, 0x0000000704800000, 0x0000000704800000|100%|HC|  |TAMS 0x0000000704600000, 0x0000000704600000| Complete 
|   2|0x0000000704800000, 0x0000000704a00000, 0x0000000704a00000|100%| O|  |TAMS 0x0000000704800000, 0x0000000704800000| Untracked 
|   3|0x0000000704a00000, 0x0000000704b05a00, 0x0000000704c00000| 51%| O|  |TAMS 0x0000000704a00000, 0x0000000704a00000| Untracked 
|   4|0x0000000704c00000, 0x0000000704c00000, 0x0000000704e00000|  0%| F|  |TAMS 0x0000000704c00000, 0x0000000704c00000| Untracked 
|   5|0x0000000704e00000, 0x0000000704e00000, 0x0000000705000000|  0%| F|  |TAMS 0x0000000704e00000, 0x0000000704e00000| Untracked 
|   6|0x0000000705000000, 0x0000000705000000, 0x0000000705200000|  0%| F|  |TAMS 0x0000000705000000, 0x0000000705000000| Untracked 
|   7|0x0000000705200000, 0x0000000705200000, 0x0000000705400000|  0%| F|  |TAMS 0x0000000705200000, 0x0000000705200000| Untracked 
|   8|0x0000000705400000, 0x0000000705400000, 0x0000000705600000|  0%| F|  |TAMS 0x0000000705400000, 0x0000000705400000| Untracked 
|   9|0x0000000705600000, 0x0000000705600000, 0x0000000705800000|  0%| F|  |TAMS 0x0000000705600000, 0x0000000705600000| Untracked 
|  10|0x0000000705800000, 0x0000000705800000, 0x0000000705a00000|  0%| F|  |TAMS 0x0000000705800000, 0x0000000705800000| Untracked 
|  11|0x0000000705a00000, 0x0000000705a00000, 0x0000000705c00000|  0%| F|  |TAMS 0x0000000705a00000, 0x0000000705a00000| Untracked 
|  12|0x0000000705c00000, 0x0000000705c00000, 0x0000000705e00000|  0%| F|  |TAMS 0x0000000705c00000, 0x0000000705c00000| Untracked 
|  13|0x0000000705e00000, 0x0000000705e00000, 0x0000000706000000|  0%| F|  |TAMS 0x0000000705e00000, 0x0000000705e00000| Untracked 
|  14|0x0000000706000000, 0x0000000706000000, 0x0000000706200000|  0%| F|  |TAMS 0x0000000706000000, 0x0000000706000000| Untracked 
|  15|0x0000000706200000, 0x0000000706200000, 0x0000000706400000|  0%| F|  |TAMS 0x0000000706200000, 0x0000000706200000| Untracked 
|  16|0x0000000706400000, 0x0000000706400000, 0x0000000706600000|  0%| F|  |TAMS 0x0000000706400000, 0x0000000706400000| Untracked 
|  17|0x0000000706600000, 0x0000000706600000, 0x0000000706800000|  0%| F|  |TAMS 0x0000000706600000, 0x0000000706600000| Untracked 
|  18|0x0000000706800000, 0x0000000706800000, 0x0000000706a00000|  0%| F|  |TAMS 0x0000000706800000, 0x0000000706800000| Untracked 
|  19|0x0000000706a00000, 0x0000000706a00000, 0x0000000706c00000|  0%| F|  |TAMS 0x0000000706a00000, 0x0000000706a00000| Untracked 
|  20|0x0000000706c00000, 0x0000000706c00000, 0x0000000706e00000|  0%| F|  |TAMS 0x0000000706c00000, 0x0000000706c00000| Untracked 
|  21|0x0000000706e00000, 0x0000000706e00000, 0x0000000707000000|  0%| F|  |TAMS 0x0000000706e00000, 0x0000000706e00000| Untracked 
|  22|0x0000000707000000, 0x0000000707000000, 0x0000000707200000|  0%| F|  |TAMS 0x0000000707000000, 0x0000000707000000| Untracked 
|  23|0x0000000707200000, 0x0000000707200000, 0x0000000707400000|  0%| F|  |TAMS 0x0000000707200000, 0x0000000707200000| Untracked 
|  24|0x0000000707400000, 0x0000000707400000, 0x0000000707600000|  0%| F|  |TAMS 0x0000000707400000, 0x0000000707400000| Untracked 
|  25|0x0000000707600000, 0x0000000707600000, 0x0000000707800000|  0%| F|  |TAMS 0x0000000707600000, 0x0000000707600000| Untracked 
|  26|0x0000000707800000, 0x0000000707800000, 0x0000000707a00000|  0%| F|  |TAMS 0x0000000707800000, 0x0000000707800000| Untracked 
|  27|0x0000000707a00000, 0x0000000707a00000, 0x0000000707c00000|  0%| F|  |TAMS 0x0000000707a00000, 0x0000000707a00000| Untracked 
|  28|0x0000000707c00000, 0x0000000707c00000, 0x0000000707e00000|  0%| F|  |TAMS 0x0000000707c00000, 0x0000000707c00000| Untracked 
|  29|0x0000000707e00000, 0x0000000707e00000, 0x0000000708000000|  0%| F|  |TAMS 0x0000000707e00000, 0x0000000707e00000| Untracked 
|  30|0x0000000708000000, 0x0000000708000000, 0x0000000708200000|  0%| F|  |TAMS 0x0000000708000000, 0x0000000708000000| Untracked 
|  31|0x0000000708200000, 0x0000000708200000, 0x0000000708400000|  0%| F|  |TAMS 0x0000000708200000, 0x0000000708200000| Untracked 
|  32|0x0000000708400000, 0x0000000708400000, 0x0000000708600000|  0%| F|  |TAMS 0x0000000708400000, 0x0000000708400000| Untracked 
|  33|0x0000000708600000, 0x0000000708600000, 0x0000000708800000|  0%| F|  |TAMS 0x0000000708600000, 0x0000000708600000| Untracked 
|  34|0x0000000708800000, 0x0000000708800000, 0x0000000708a00000|  0%| F|  |TAMS 0x0000000708800000, 0x0000000708800000| Untracked 
|  35|0x0000000708a00000, 0x0000000708a00000, 0x0000000708c00000|  0%| F|  |TAMS 0x0000000708a00000, 0x0000000708a00000| Untracked 
|  36|0x0000000708c00000, 0x0000000708c00000, 0x0000000708e00000|  0%| F|  |TAMS 0x0000000708c00000, 0x0000000708c00000| Untracked 
|  37|0x0000000708e00000, 0x0000000708e00000, 0x0000000709000000|  0%| F|  |TAMS 0x0000000708e00000, 0x0000000708e00000| Untracked 
|  38|0x0000000709000000, 0x0000000709000000, 0x0000000709200000|  0%| F|  |TAMS 0x0000000709000000, 0x0000000709000000| Untracked 
|  39|0x0000000709200000, 0x0000000709200000, 0x0000000709400000|  0%| F|  |TAMS 0x0000000709200000, 0x0000000709200000| Untracked 
|  40|0x0000000709400000, 0x0000000709400000, 0x0000000709600000|  0%| F|  |TAMS 0x0000000709400000, 0x0000000709400000| Untracked 
|  41|0x0000000709600000, 0x0000000709600000, 0x0000000709800000|  0%| F|  |TAMS 0x0000000709600000, 0x0000000709600000| Untracked 
|  42|0x0000000709800000, 0x0000000709800000, 0x0000000709a00000|  0%| F|  |TAMS 0x0000000709800000, 0x0000000709800000| Untracked 
|  43|0x0000000709a00000, 0x0000000709a00000, 0x0000000709c00000|  0%| F|  |TAMS 0x0000000709a00000, 0x0000000709a00000| Untracked 
|  44|0x0000000709c00000, 0x0000000709c00000, 0x0000000709e00000|  0%| F|  |TAMS 0x0000000709c00000, 0x0000000709c00000| Untracked 
|  45|0x0000000709e00000, 0x0000000709e00000, 0x000000070a000000|  0%| F|  |TAMS 0x0000000709e00000, 0x0000000709e00000| Untracked 
|  46|0x000000070a000000, 0x000000070a000000, 0x000000070a200000|  0%| F|  |TAMS 0x000000070a000000, 0x000000070a000000| Untracked 
|  47|0x000000070a200000, 0x000000070a200000, 0x000000070a400000|  0%| F|  |TAMS 0x000000070a200000, 0x000000070a200000| Untracked 
|  48|0x000000070a400000, 0x000000070a400000, 0x000000070a600000|  0%| F|  |TAMS 0x000000070a400000, 0x000000070a400000| Untracked 
|  49|0x000000070a600000, 0x000000070a600000, 0x000000070a800000|  0%| F|  |TAMS 0x000000070a600000, 0x000000070a600000| Untracked 
|  50|0x000000070a800000, 0x000000070a800000, 0x000000070aa00000|  0%| F|  |TAMS 0x000000070a800000, 0x000000070a800000| Untracked 
|  51|0x000000070aa00000, 0x000000070aa00000, 0x000000070ac00000|  0%| F|  |TAMS 0x000000070aa00000, 0x000000070aa00000| Untracked 
|  52|0x000000070ac00000, 0x000000070ac00000, 0x000000070ae00000|  0%| F|  |TAMS 0x000000070ac00000, 0x000000070ac00000| Untracked 
|  53|0x000000070ae00000, 0x000000070ae00000, 0x000000070b000000|  0%| F|  |TAMS 0x000000070ae00000, 0x000000070ae00000| Untracked 
|  54|0x000000070b000000, 0x000000070b000000, 0x000000070b200000|  0%| F|  |TAMS 0x000000070b000000, 0x000000070b000000| Untracked 
|  55|0x000000070b200000, 0x000000070b200000, 0x000000070b400000|  0%| F|  |TAMS 0x000000070b200000, 0x000000070b200000| Untracked 
|  56|0x000000070b400000, 0x000000070b400000, 0x000000070b600000|  0%| F|  |TAMS 0x000000070b400000, 0x000000070b400000| Untracked 
|  57|0x000000070b600000, 0x000000070b600000, 0x000000070b800000|  0%| F|  |TAMS 0x000000070b600000, 0x000000070b600000| Untracked 
|  58|0x000000070b800000, 0x000000070b800000, 0x000000070ba00000|  0%| F|  |TAMS 0x000000070b800000, 0x000000070b800000| Untracked 
|  59|0x000000070ba00000, 0x000000070ba00000, 0x000000070bc00000|  0%| F|  |TAMS 0x000000070ba00000, 0x000000070ba00000| Untracked 
|  60|0x000000070bc00000, 0x000000070bc00000, 0x000000070be00000|  0%| F|  |TAMS 0x000000070bc00000, 0x000000070bc00000| Untracked 
|  61|0x000000070be00000, 0x000000070be00000, 0x000000070c000000|  0%| F|  |TAMS 0x000000070be00000, 0x000000070be00000| Untracked 
|  62|0x000000070c000000, 0x000000070c000000, 0x000000070c200000|  0%| F|  |TAMS 0x000000070c000000, 0x000000070c000000| Untracked 
|  63|0x000000070c200000, 0x000000070c200000, 0x000000070c400000|  0%| F|  |TAMS 0x000000070c200000, 0x000000070c200000| Untracked 
|  64|0x000000070c400000, 0x000000070c400000, 0x000000070c600000|  0%| F|  |TAMS 0x000000070c400000, 0x000000070c400000| Untracked 
|  65|0x000000070c600000, 0x000000070c600000, 0x000000070c800000|  0%| F|  |TAMS 0x000000070c600000, 0x000000070c600000| Untracked 
|  66|0x000000070c800000, 0x000000070c800000, 0x000000070ca00000|  0%| F|  |TAMS 0x000000070c800000, 0x000000070c800000| Untracked 
|  67|0x000000070ca00000, 0x000000070ca00000, 0x000000070cc00000|  0%| F|  |TAMS 0x000000070ca00000, 0x000000070ca00000| Untracked 
|  68|0x000000070cc00000, 0x000000070cc00000, 0x000000070ce00000|  0%| F|  |TAMS 0x000000070cc00000, 0x000000070cc00000| Untracked 
|  69|0x000000070ce00000, 0x000000070ce00000, 0x000000070d000000|  0%| F|  |TAMS 0x000000070ce00000, 0x000000070ce00000| Untracked 
|  70|0x000000070d000000, 0x000000070d000000, 0x000000070d200000|  0%| F|  |TAMS 0x000000070d000000, 0x000000070d000000| Untracked 
|  71|0x000000070d200000, 0x000000070d200000, 0x000000070d400000|  0%| F|  |TAMS 0x000000070d200000, 0x000000070d200000| Untracked 
|  72|0x000000070d400000, 0x000000070d400000, 0x000000070d600000|  0%| F|  |TAMS 0x000000070d400000, 0x000000070d400000| Untracked 
|  73|0x000000070d600000, 0x000000070d600000, 0x000000070d800000|  0%| F|  |TAMS 0x000000070d600000, 0x000000070d600000| Untracked 
|  74|0x000000070d800000, 0x000000070d800000, 0x000000070da00000|  0%| F|  |TAMS 0x000000070d800000, 0x000000070d800000| Untracked 
|  75|0x000000070da00000, 0x000000070da00000, 0x000000070dc00000|  0%| F|  |TAMS 0x000000070da00000, 0x000000070da00000| Untracked 
|  76|0x000000070dc00000, 0x000000070dc00000, 0x000000070de00000|  0%| F|  |TAMS 0x000000070dc00000, 0x000000070dc00000| Untracked 
|  77|0x000000070de00000, 0x000000070de00000, 0x000000070e000000|  0%| F|  |TAMS 0x000000070de00000, 0x000000070de00000| Untracked 
|  78|0x000000070e000000, 0x000000070e000000, 0x000000070e200000|  0%| F|  |TAMS 0x000000070e000000, 0x000000070e000000| Untracked 
|  79|0x000000070e200000, 0x000000070e200000, 0x000000070e400000|  0%| F|  |TAMS 0x000000070e200000, 0x000000070e200000| Untracked 
|  80|0x000000070e400000, 0x000000070e400000, 0x000000070e600000|  0%| F|  |TAMS 0x000000070e400000, 0x000000070e400000| Untracked 
|  81|0x000000070e600000, 0x000000070e600000, 0x000000070e800000|  0%| F|  |TAMS 0x000000070e600000, 0x000000070e600000| Untracked 
|  82|0x000000070e800000, 0x000000070e800000, 0x000000070ea00000|  0%| F|  |TAMS 0x000000070e800000, 0x000000070e800000| Untracked 
|  83|0x000000070ea00000, 0x000000070ea00000, 0x000000070ec00000|  0%| F|  |TAMS 0x000000070ea00000, 0x000000070ea00000| Untracked 
|  84|0x000000070ec00000, 0x000000070ec00000, 0x000000070ee00000|  0%| F|  |TAMS 0x000000070ec00000, 0x000000070ec00000| Untracked 
|  85|0x000000070ee00000, 0x000000070ee00000, 0x000000070f000000|  0%| F|  |TAMS 0x000000070ee00000, 0x000000070ee00000| Untracked 
|  86|0x000000070f000000, 0x000000070f000000, 0x000000070f200000|  0%| F|  |TAMS 0x000000070f000000, 0x000000070f000000| Untracked 
|  87|0x000000070f200000, 0x000000070f200000, 0x000000070f400000|  0%| F|  |TAMS 0x000000070f200000, 0x000000070f200000| Untracked 
|  88|0x000000070f400000, 0x000000070f400000, 0x000000070f600000|  0%| F|  |TAMS 0x000000070f400000, 0x000000070f400000| Untracked 
|  89|0x000000070f600000, 0x000000070f600000, 0x000000070f800000|  0%| F|  |TAMS 0x000000070f600000, 0x000000070f600000| Untracked 
|  90|0x000000070f800000, 0x000000070f800000, 0x000000070fa00000|  0%| F|  |TAMS 0x000000070f800000, 0x000000070f800000| Untracked 
|  91|0x000000070fa00000, 0x000000070fa00000, 0x000000070fc00000|  0%| F|  |TAMS 0x000000070fa00000, 0x000000070fa00000| Untracked 
|  92|0x000000070fc00000, 0x000000070fc00000, 0x000000070fe00000|  0%| F|  |TAMS 0x000000070fc00000, 0x000000070fc00000| Untracked 
|  93|0x000000070fe00000, 0x000000070fe00000, 0x0000000710000000|  0%| F|  |TAMS 0x000000070fe00000, 0x000000070fe00000| Untracked 
|  94|0x0000000710000000, 0x0000000710000000, 0x0000000710200000|  0%| F|  |TAMS 0x0000000710000000, 0x0000000710000000| Untracked 
|  95|0x0000000710200000, 0x0000000710200000, 0x0000000710400000|  0%| F|  |TAMS 0x0000000710200000, 0x0000000710200000| Untracked 
|  96|0x0000000710400000, 0x0000000710400000, 0x0000000710600000|  0%| F|  |TAMS 0x0000000710400000, 0x0000000710400000| Untracked 
|  97|0x0000000710600000, 0x0000000710600000, 0x0000000710800000|  0%| F|  |TAMS 0x0000000710600000, 0x0000000710600000| Untracked 
|  98|0x0000000710800000, 0x0000000710800000, 0x0000000710a00000|  0%| F|  |TAMS 0x0000000710800000, 0x0000000710800000| Untracked 
|  99|0x0000000710a00000, 0x0000000710a00000, 0x0000000710c00000|  0%| F|  |TAMS 0x0000000710a00000, 0x0000000710a00000| Untracked 
| 100|0x0000000710c00000, 0x0000000710c00000, 0x0000000710e00000|  0%| F|  |TAMS 0x0000000710c00000, 0x0000000710c00000| Untracked 
| 101|0x0000000710e00000, 0x0000000710e00000, 0x0000000711000000|  0%| F|  |TAMS 0x0000000710e00000, 0x0000000710e00000| Untracked 
| 102|0x0000000711000000, 0x0000000711000000, 0x0000000711200000|  0%| F|  |TAMS 0x0000000711000000, 0x0000000711000000| Untracked 
| 103|0x0000000711200000, 0x0000000711200000, 0x0000000711400000|  0%| F|  |TAMS 0x0000000711200000, 0x0000000711200000| Untracked 
| 104|0x0000000711400000, 0x000000071151e0b8, 0x0000000711600000| 55%| S|CS|TAMS 0x0000000711400000, 0x0000000711400000| Complete 
| 105|0x0000000711600000, 0x0000000711800000, 0x0000000711800000|100%| S|CS|TAMS 0x0000000711600000, 0x0000000711600000| Complete 
| 106|0x0000000711800000, 0x0000000711a00000, 0x0000000711a00000|100%| S|CS|TAMS 0x0000000711800000, 0x0000000711800000| Complete 
| 107|0x0000000711a00000, 0x0000000711a00000, 0x0000000711c00000|  0%| F|  |TAMS 0x0000000711a00000, 0x0000000711a00000| Untracked 
| 108|0x0000000711c00000, 0x0000000711c00000, 0x0000000711e00000|  0%| F|  |TAMS 0x0000000711c00000, 0x0000000711c00000| Untracked 
| 109|0x0000000711e00000, 0x0000000711e00000, 0x0000000712000000|  0%| F|  |TAMS 0x0000000711e00000, 0x0000000711e00000| Untracked 
| 110|0x0000000712000000, 0x0000000712000000, 0x0000000712200000|  0%| F|  |TAMS 0x0000000712000000, 0x0000000712000000| Untracked 
| 111|0x0000000712200000, 0x0000000712200000, 0x0000000712400000|  0%| F|  |TAMS 0x0000000712200000, 0x0000000712200000| Untracked 
| 112|0x0000000712400000, 0x0000000712400000, 0x0000000712600000|  0%| F|  |TAMS 0x0000000712400000, 0x0000000712400000| Untracked 
| 113|0x0000000712600000, 0x0000000712600000, 0x0000000712800000|  0%| F|  |TAMS 0x0000000712600000, 0x0000000712600000| Untracked 
| 114|0x0000000712800000, 0x0000000712800000, 0x0000000712a00000|  0%| F|  |TAMS 0x0000000712800000, 0x0000000712800000| Untracked 
| 115|0x0000000712a00000, 0x0000000712a00000, 0x0000000712c00000|  0%| F|  |TAMS 0x0000000712a00000, 0x0000000712a00000| Untracked 
| 116|0x0000000712c00000, 0x0000000712c00000, 0x0000000712e00000|  0%| F|  |TAMS 0x0000000712c00000, 0x0000000712c00000| Untracked 
| 117|0x0000000712e00000, 0x0000000712e00000, 0x0000000713000000|  0%| F|  |TAMS 0x0000000712e00000, 0x0000000712e00000| Untracked 
| 118|0x0000000713000000, 0x0000000713000000, 0x0000000713200000|  0%| F|  |TAMS 0x0000000713000000, 0x0000000713000000| Untracked 
| 119|0x0000000713200000, 0x0000000713200000, 0x0000000713400000|  0%| F|  |TAMS 0x0000000713200000, 0x0000000713200000| Untracked 
| 120|0x0000000713400000, 0x0000000713400000, 0x0000000713600000|  0%| F|  |TAMS 0x0000000713400000, 0x0000000713400000| Untracked 
| 121|0x0000000713600000, 0x0000000713600000, 0x0000000713800000|  0%| F|  |TAMS 0x0000000713600000, 0x0000000713600000| Untracked 
| 122|0x0000000713800000, 0x0000000713800000, 0x0000000713a00000|  0%| F|  |TAMS 0x0000000713800000, 0x0000000713800000| Untracked 
| 123|0x0000000713a00000, 0x0000000713a00000, 0x0000000713c00000|  0%| F|  |TAMS 0x0000000713a00000, 0x0000000713a00000| Untracked 
| 124|0x0000000713c00000, 0x0000000713ce8b90, 0x0000000713e00000| 45%| E|  |TAMS 0x0000000713c00000, 0x0000000713c00000| Complete 
| 125|0x0000000713e00000, 0x0000000714000000, 0x0000000714000000|100%| E|CS|TAMS 0x0000000713e00000, 0x0000000713e00000| Complete 

Card table byte_map: [0x000001dd7c8a0000,0x000001dd7d080000] _byte_map_base: 0x000001dd7907e000

Marking Bits (Prev, Next): (CMBitMap*) 0x000001dd7870c5a0, (CMBitMap*) 0x000001dd7870c5e0
 Prev Bits: [0x000001dd0f000000, 0x000001dd12ef0000)
 Next Bits: [0x000001dd12ef0000, 0x000001dd16de0000)

Polling page: 0x000001dd765c0000

Metaspace:

Usage:
  Non-class:     16.12 MB used.
      Class:      2.16 MB used.
       Both:     18.28 MB used.

Virtual space:
  Non-class space:       64.00 MB reserved,      16.19 MB ( 25%) committed,  1 nodes.
      Class space:        1.00 GB reserved,       2.25 MB ( <1%) committed,  1 nodes.
             Both:        1.06 GB reserved,      18.44 MB (  2%) committed. 

Chunk freelists:
   Non-Class:  14.96 MB
       Class:  13.65 MB
        Both:  28.61 MB

MaxMetaspaceSize: unlimited
CompressedClassSpaceSize: 1.00 GB
Initial GC threshold: 21.00 MB
Current GC threshold: 21.00 MB
CDS: off
MetaspaceReclaimPolicy: balanced
 - commit_granule_bytes: 65536.
 - commit_granule_words: 8192.
 - virtual_space_node_default_size: 8388608.
 - enlarge_chunks_in_place: 1.
 - new_chunks_are_fully_committed: 0.
 - uncommit_free_chunks: 1.
 - use_allocation_guard: 0.
 - handle_deallocations: 1.


Internal statistics:

num_allocs_failed_limit: 0.
num_arena_births: 116.
num_arena_deaths: 0.
num_vsnodes_births: 2.
num_vsnodes_deaths: 0.
num_space_committed: 295.
num_space_uncommitted: 0.
num_chunks_returned_to_freelist: 0.
num_chunks_taken_from_freelist: 445.
num_chunk_merges: 0.
num_chunk_splits: 279.
num_chunks_enlarged: 215.
num_inconsistent_stats: 0.

CodeHeap 'non-profiled nmethods': size=120000Kb used=704Kb max_used=704Kb free=119295Kb
 bounds [0x000001dd07ad0000, 0x000001dd07d40000, 0x000001dd0f000000]
CodeHeap 'profiled nmethods': size=120000Kb used=2717Kb max_used=2717Kb free=117282Kb
 bounds [0x000001dd00000000, 0x000001dd002b0000, 0x000001dd07530000]
CodeHeap 'non-nmethods': size=5760Kb used=1181Kb max_used=1199Kb free=4578Kb
 bounds [0x000001dd07530000, 0x000001dd077a0000, 0x000001dd07ad0000]
 total_blobs=1925 nmethods=1458 adapters=380
 compilation: enabled
              stopped_count=0, restarted_count=0
 full_count=0

Compilation events (20 events):
Event: 1.568 Thread 0x000001dd1742cd50 1447 %     4       sun.security.provider.SHA::implCompress0 @ 27 (506 bytes)
Event: 1.568 Thread 0x000001dd1742e950 nmethod 1445 0x000001dd002a3890 code [0x000001dd002a3a80, 0x000001dd002a3ee8]
Event: 1.568 Thread 0x000001dd1742e950 1446       3       sun.security.provider.SHA::implCompressCheck (27 bytes)
Event: 1.568 Thread 0x000001dd1742e950 nmethod 1446 0x000001dd002a4110 code [0x000001dd002a42e0, 0x000001dd002a4698]
Event: 1.570 Thread 0x000001dd1742e950 1450       3       jdk.internal.reflect.ReflectionFactory::getExecutableSharedParameterTypes (11 bytes)
Event: 1.570 Thread 0x000001dd1742e950 nmethod 1450 0x000001dd002a4810 code [0x000001dd002a49c0, 0x000001dd002a4c28]
Event: 1.570 Thread 0x000001dd1742e950 1451       3       java.lang.reflect.Constructor::setConstructorAccessor (21 bytes)
Event: 1.570 Thread 0x000001dd1742e950 nmethod 1451 0x000001dd002a4d90 code [0x000001dd002a4f40, 0x000001dd002a5248]
Event: 1.570 Thread 0x000001dd1742e950 1452       3       jdk.internal.reflect.AccessorGenerator::sub (5 bytes)
Event: 1.570 Thread 0x000001dd1742e950 nmethod 1452 0x000001dd002a5390 code [0x000001dd002a5520, 0x000001dd002a5618]
Event: 1.570 Thread 0x000001dd1742e950 1453       3       jdk.internal.reflect.ClassFileAssembler::setStack (25 bytes)
Event: 1.570 Thread 0x000001dd1742e950 nmethod 1453 0x000001dd002a5690 code [0x000001dd002a5820, 0x000001dd002a5978]
Event: 1.571 Thread 0x000001dd1742e950 1455       1       java.lang.reflect.Constructor::getConstructorAccessor (5 bytes)
Event: 1.571 Thread 0x000001dd1742e950 nmethod 1455 0x000001dd07b7eb90 code [0x000001dd07b7ed20, 0x000001dd07b7edf8]
Event: 1.571 Thread 0x000001dd1742e950 1456       3       jdk.internal.reflect.ClassFileAssembler::emitConstantPoolMethodref (28 bytes)
Event: 1.572 Thread 0x000001dd1742e950 nmethod 1456 0x000001dd002a5a10 code [0x000001dd002a5c40, 0x000001dd002a6308]
Event: 1.572 Thread 0x000001dd1742e950 1457       3       jdk.internal.reflect.ClassFileAssembler::emitConstantPoolNameAndType (28 bytes)
Event: 1.573 Thread 0x000001dd1742e950 nmethod 1457 0x000001dd002a6690 code [0x000001dd002a68c0, 0x000001dd002a6f88]
Event: 1.573 Thread 0x000001dd1742e950 1458       3       jdk.internal.reflect.ReflectionFactory::inflationThreshold (4 bytes)
Event: 1.573 Thread 0x000001dd1742e950 nmethod 1458 0x000001dd002a7310 code [0x000001dd002a74a0, 0x000001dd002a7598]

GC Heap History (4 events):
Event: 0.292 GC heap before
{Heap before GC invocations=0 (full 0):
 garbage-first heap   total 258048K, used 22528K [0x0000000704400000, 0x0000000800000000)
  region size 2048K, 11 young (22528K), 0 survivors (0K)
 Metaspace       used 8523K, committed 8640K, reserved 1114112K
  class space    used 742K, committed 768K, reserved 1048576K
}
Event: 0.295 GC heap after
{Heap after GC invocations=1 (full 0):
 garbage-first heap   total 258048K, used 3969K [0x0000000704400000, 0x0000000800000000)
  region size 2048K, 2 young (4096K), 2 survivors (4096K)
 Metaspace       used 8523K, committed 8640K, reserved 1114112K
  class space    used 742K, committed 768K, reserved 1048576K
}
Event: 1.078 GC heap before
{Heap before GC invocations=1 (full 0):
 garbage-first heap   total 258048K, used 40833K [0x0000000704400000, 0x0000000800000000)
  region size 2048K, 19 young (38912K), 2 survivors (4096K)
 Metaspace       used 18054K, committed 18240K, reserved 1114112K
  class space    used 2115K, committed 2176K, reserved 1048576K
}
Event: 1.083 GC heap after
{Heap after GC invocations=2 (full 0):
 garbage-first heap   total 258048K, used 12430K [0x0000000704400000, 0x0000000800000000)
  region size 2048K, 3 young (6144K), 3 survivors (6144K)
 Metaspace       used 18054K, committed 18240K, reserved 1114112K
  class space    used 2115K, committed 2176K, reserved 1048576K
}

Dll operation events (2 events):
Event: 0.006 Loaded shared library C:\Program Files\Android\Android Studio\jbr\bin\java.dll
Event: 0.082 Loaded shared library C:\Program Files\Android\Android Studio\jbr\bin\verify.dll

Deoptimization events (20 events):
Event: 0.657 Thread 0x000001dd7869e650 DEOPT PACKING pc=0x000001dd07b04714 sp=0x0000001c477fbad0
Event: 0.657 Thread 0x000001dd7869e650 DEOPT UNPACKING pc=0x000001dd0758a1a3 sp=0x0000001c477fba60 mode 2
Event: 0.657 Thread 0x000001dd7869e650 Uncommon trap: trap_request=0xffffff45 fr.pc=0x000001dd07b0e3fc relative=0x000000000000015c
Event: 0.657 Thread 0x000001dd7869e650 Uncommon trap: reason=unstable_if action=reinterpret pc=0x000001dd07b0e3fc method=java.lang.AbstractStringBuilder.putStringAt(ILjava/lang/String;II)V @ 8 c2
Event: 0.657 Thread 0x000001dd7869e650 DEOPT PACKING pc=0x000001dd07b0e3fc sp=0x0000001c477fb990
Event: 0.657 Thread 0x000001dd7869e650 DEOPT UNPACKING pc=0x000001dd0758a1a3 sp=0x0000001c477fb8c0 mode 2
Event: 0.657 Thread 0x000001dd7869e650 Uncommon trap: trap_request=0xffffff45 fr.pc=0x000001dd07af7948 relative=0x00000000000004a8
Event: 0.657 Thread 0x000001dd7869e650 Uncommon trap: reason=unstable_if action=reinterpret pc=0x000001dd07af7948 method=java.lang.String.substring(II)Ljava/lang/String; @ 31 c2
Event: 0.657 Thread 0x000001dd7869e650 DEOPT PACKING pc=0x000001dd07af7948 sp=0x0000001c477fb7c0
Event: 0.657 Thread 0x000001dd7869e650 DEOPT UNPACKING pc=0x000001dd0758a1a3 sp=0x0000001c477fb778 mode 2
Event: 0.668 Thread 0x000001dd7869e650 DEOPT PACKING pc=0x000001dd001430c8 sp=0x0000001c477f8330
Event: 0.668 Thread 0x000001dd7869e650 DEOPT UNPACKING pc=0x000001dd0758ace3 sp=0x0000001c477f7848 mode 0
Event: 1.036 Thread 0x000001dd7869e650 Uncommon trap: trap_request=0xffffff45 fr.pc=0x000001dd07b5e574 relative=0x0000000000000074
Event: 1.036 Thread 0x000001dd7869e650 Uncommon trap: reason=unstable_if action=reinterpret pc=0x000001dd07b5e574 method=jdk.internal.misc.Unsafe.convEndian(ZI)I @ 4 c2
Event: 1.036 Thread 0x000001dd7869e650 DEOPT PACKING pc=0x000001dd07b5e574 sp=0x0000001c477fb3e0
Event: 1.036 Thread 0x000001dd7869e650 DEOPT UNPACKING pc=0x000001dd0758a1a3 sp=0x0000001c477fb310 mode 2
Event: 1.096 Thread 0x000001dd7869e650 Uncommon trap: trap_request=0xffffff45 fr.pc=0x000001dd07b36d28 relative=0x0000000000000448
Event: 1.096 Thread 0x000001dd7869e650 Uncommon trap: reason=unstable_if action=reinterpret pc=0x000001dd07b36d28 method=java.util.regex.Matcher.match(II)Z @ 76 c2
Event: 1.096 Thread 0x000001dd7869e650 DEOPT PACKING pc=0x000001dd07b36d28 sp=0x0000001c477fc1d0
Event: 1.096 Thread 0x000001dd7869e650 DEOPT UNPACKING pc=0x000001dd0758a1a3 sp=0x0000001c477fc188 mode 2

Classes unloaded (0 events):
No events

Classes redefined (0 events):
No events

Internal exceptions (20 events):
Event: 0.608 Thread 0x000001dd7869e650 Implicit null exception at 0x000001dd07b0eb72 to 0x000001dd07b0f1c0
Event: 0.609 Thread 0x000001dd7869e650 Implicit null exception at 0x000001dd07b31f72 to 0x000001dd07b325dc
Event: 0.612 Thread 0x000001dd7869e650 Exception <a 'java/lang/NoSuchMethodError'{0x0000000712bbdc98}: 'java.lang.Object java.lang.invoke.DirectMethodHandle$Holder.invokeStaticInit(java.lang.Object, int, int, int, int)'> (0x0000000712bbdc98) 
thrown [s\src\hotspot\share\interpreter\linkResolver.cpp, line 771]
Event: 0.658 Thread 0x000001dd7869e650 Exception <a 'java/lang/NoSuchMethodError'{0x000000071249b8f0}: 'java.lang.Object java.lang.invoke.DirectMethodHandle$Holder.invokeStaticInit(java.lang.Object, java.lang.Object, int, int, int, int)'> (0x000000071249b8f0) 
thrown [s\src\hotspot\share\interpreter\linkResolver.cpp, line 771]
Event: 0.701 Thread 0x000001dd1d2b0de0 Exception <a 'java/lang/NoSuchMethodError'{0x00000007122ba3c0}: 'void java.lang.invoke.DirectMethodHandle$Holder.invokeStatic(java.lang.Object, long)'> (0x00000007122ba3c0) 
thrown [s\src\hotspot\share\interpreter\linkResolver.cpp, line 771]
Event: 0.702 Thread 0x000001dd1d2b0de0 Exception <a 'java/lang/NoSuchMethodError'{0x00000007122bfd18}: 'java.lang.Object java.lang.invoke.DirectMethodHandle$Holder.newInvokeSpecial(java.lang.Object, long)'> (0x00000007122bfd18) 
thrown [s\src\hotspot\share\interpreter\linkResolver.cpp, line 771]
Event: 0.707 Thread 0x000001dd1d2b0de0 Exception <a 'java/lang/NoSuchMethodError'{0x00000007122caec0}: 'java.lang.Object java.lang.invoke.DirectMethodHandle$Holder.invokeStaticInit(java.lang.Object, java.lang.Object, long, java.lang.Object)'> (0x00000007122caec0) 
thrown [s\src\hotspot\share\interpreter\linkResolver.cpp, line 771]
Event: 0.708 Thread 0x000001dd1d2b0de0 Exception <a 'java/lang/NoSuchMethodError'{0x00000007122d1580}: 'java.lang.Object java.lang.invoke.DirectMethodHandle$Holder.newInvokeSpecial(java.lang.Object, java.lang.Object, long)'> (0x00000007122d1580) 
thrown [s\src\hotspot\share\interpreter\linkResolver.cpp, line 771]
Event: 0.708 Thread 0x000001dd1d2b0de0 Exception <a 'java/lang/NoSuchMethodError'{0x00000007122d5870}: 'java.lang.Object java.lang.invoke.Invokers$Holder.linkToTargetMethod(java.lang.Object, long, java.lang.Object)'> (0x00000007122d5870) 
thrown [s\src\hotspot\share\interpreter\linkResolver.cpp, line 771]
Event: 0.797 Thread 0x000001dd1d2b0de0 Exception <a 'java/lang/NoSuchMethodError'{0x00000007122e6df8}: 'void java.lang.invoke.DirectMethodHandle$Holder.invokeSpecial(java.lang.Object, java.lang.Object, int)'> (0x00000007122e6df8) 
thrown [s\src\hotspot\share\interpreter\linkResolver.cpp, line 771]
Event: 0.798 Thread 0x000001dd1d2b0de0 Exception <a 'java/lang/NoSuchMethodError'{0x00000007122ecc70}: 'java.lang.Object java.lang.invoke.DirectMethodHandle$Holder.newInvokeSpecial(java.lang.Object, java.lang.Object, int)'> (0x00000007122ecc70) 
thrown [s\src\hotspot\share\interpreter\linkResolver.cpp, line 771]
Event: 0.808 Thread 0x000001dd7869e650 Exception <a 'java/lang/NoSuchMethodError'{0x00000007123dc548}: 'void java.lang.invoke.DirectMethodHandle$Holder.invokeStaticInit(java.lang.Object, java.lang.Object)'> (0x00000007123dc548) 
thrown [s\src\hotspot\share\interpreter\linkResolver.cpp, line 771]
Event: 0.813 Thread 0x000001dd7869e650 Exception <a 'java/lang/NoSuchMethodError'{0x0000000712018dd0}: 'java.lang.Object java.lang.invoke.DirectMethodHandle$Holder.newInvokeSpecial(java.lang.Object, int, java.lang.Object)'> (0x0000000712018dd0) 
thrown [s\src\hotspot\share\interpreter\linkResolver.cpp, line 771]
Event: 0.854 Thread 0x000001dd7869e650 Exception <a 'java/lang/NoSuchMethodError'{0x0000000711e62190}: 'java.lang.Object java.lang.invoke.DirectMethodHandle$Holder.invokeSpecialIFC(java.lang.Object, java.lang.Object, java.lang.Object, java.lang.Object)'> (0x0000000711e62190) 
thrown [s\src\hotspot\share\interpreter\linkResolver.cpp, line 771]
Event: 0.997 Thread 0x000001dd7869e650 Exception <a 'java/lang/NoSuchMethodError'{0x0000000711d3cfc8}: 'void java.lang.invoke.DirectMethodHandle$Holder.invokeStatic(java.lang.Object, java.lang.Object, java.lang.Object)'> (0x0000000711d3cfc8) 
thrown [s\src\hotspot\share\interpreter\linkResolver.cpp, line 771]
Event: 1.568 Thread 0x000001dd7869e650 Exception <a 'java/lang/NoSuchMethodError'{0x0000000713fdfad8}: static Lorg/gradle/tooling/internal/provider/serialization/ClassLoaderDetails;.<clinit>()V> (0x0000000713fdfad8) 
thrown [s\src\hotspot\share\prims\jni.cpp, line 1127]
Event: 1.570 Thread 0x000001dd7869e650 Exception <a 'java/lang/NoSuchMethodError'{0x0000000713ffb4b0}: static Lorg/gradle/internal/classloader/ClassLoaderSpec;.<clinit>()V> (0x0000000713ffb4b0) 
thrown [s\src\hotspot\share\prims\jni.cpp, line 1127]
Event: 1.570 Thread 0x000001dd7869e650 Exception <a 'java/lang/NoSuchMethodError'{0x0000000713c06ac8}: static Lorg/gradle/tooling/internal/provider/serialization/WellKnownClassLoaderRegistry$KnownClassLoaderSpec;.<clinit>()V> (0x0000000713c06ac8) 
thrown [s\src\hotspot\share\prims\jni.cpp, line 1127]
Event: 1.572 Thread 0x000001dd7869e650 Exception <a 'java/lang/NoSuchMethodError'{0x0000000713c20880}: static Lorg/gradle/internal/classloader/ClassLoaderSpec;.<clinit>()V> (0x0000000713c20880) 
thrown [s\src\hotspot\share\prims\jni.cpp, line 1127]
Event: 1.573 Thread 0x000001dd7869e650 Exception <a 'java/lang/NoSuchMethodError'{0x0000000713c305d8}: static Lorg/gradle/internal/classloader/VisitableURLClassLoader$Spec;.<clinit>()V> (0x0000000713c305d8) 
thrown [s\src\hotspot\share\prims\jni.cpp, line 1127]

VM Operations (18 events):
Event: 0.079 Executing VM operation: HandshakeAllThreads
Event: 0.079 Executing VM operation: HandshakeAllThreads done
Event: 0.292 Executing VM operation: G1CollectForAllocation
Event: 0.295 Executing VM operation: G1CollectForAllocation done
Event: 0.473 Executing VM operation: HandshakeAllThreads
Event: 0.473 Executing VM operation: HandshakeAllThreads done
Event: 0.596 Executing VM operation: HandshakeAllThreads
Event: 0.596 Executing VM operation: HandshakeAllThreads done
Event: 0.620 Executing VM operation: HandshakeAllThreads
Event: 0.620 Executing VM operation: HandshakeAllThreads done
Event: 0.650 Executing VM operation: HandshakeAllThreads
Event: 0.650 Executing VM operation: HandshakeAllThreads done
Event: 1.050 Executing VM operation: HandshakeAllThreads
Event: 1.051 Executing VM operation: HandshakeAllThreads done
Event: 1.078 Executing VM operation: G1CollectForAllocation
Event: 1.083 Executing VM operation: G1CollectForAllocation done
Event: 1.107 Executing VM operation: HandshakeAllThreads
Event: 1.107 Executing VM operation: HandshakeAllThreads done

Events (20 events):
Event: 1.563 loading class java/io/ObjectInputStream$FieldValues done
Event: 1.563 loading class java/io/SerialCallbackContext
Event: 1.563 loading class java/io/SerialCallbackContext done
Event: 1.564 loading class java/util/HashMap$UnsafeHolder
Event: 1.564 loading class java/util/HashMap$UnsafeHolder done
Event: 1.567 loading class java/io/ObjectStreamClass$1
Event: 1.567 loading class java/io/ObjectStreamClass$1 done
Event: 1.567 loading class java/io/DataOutputStream
Event: 1.567 loading class java/io/DataOutputStream done
Event: 1.567 loading class java/io/ObjectStreamClass$MemberSignature
Event: 1.567 loading class java/io/ObjectStreamClass$MemberSignature done
Event: 1.567 loading class java/io/ObjectStreamClass$3
Event: 1.568 loading class java/io/ObjectStreamClass$3 done
Event: 1.568 loading class java/io/ObjectStreamClass$4
Event: 1.568 loading class java/io/ObjectStreamClass$4 done
Event: 1.568 loading class java/io/ObjectStreamClass$5
Event: 1.568 loading class java/io/ObjectStreamClass$5 done
Event: 1.568 loading class java/util/function/UnaryOperator
Event: 1.569 loading class java/util/function/UnaryOperator done
Event: 1.573 loading class java/net/UrlDeserializedState


Dynamic libraries:
0x00007ff797030000 - 0x00007ff79703a000 	C:\Program Files\Android\Android Studio\jbr\bin\java.exe
0x00007ffe4d460000 - 0x00007ffe4d6c6000 	C:\WINDOWS\SYSTEM32\ntdll.dll
0x00007ffe4bb90000 - 0x00007ffe4bc59000 	C:\WINDOWS\System32\KERNEL32.DLL
0x00007ffe4ad90000 - 0x00007ffe4b15c000 	C:\WINDOWS\System32\KERNELBASE.dll
0x00007ffe4a970000 - 0x00007ffe4aabb000 	C:\WINDOWS\System32\ucrtbase.dll
0x00007ffe337c0000 - 0x00007ffe337d7000 	C:\Program Files\Android\Android Studio\jbr\bin\jli.dll
0x00007ffe336b0000 - 0x00007ffe336cb000 	C:\Program Files\Android\Android Studio\jbr\bin\VCRUNTIME140.dll
0x00007ffe4b5c0000 - 0x00007ffe4b78a000 	C:\WINDOWS\System32\USER32.dll
0x00007ffe4a680000 - 0x00007ffe4a6a7000 	C:\WINDOWS\System32\win32u.dll
0x00007ffe2bd60000 - 0x00007ffe2bffa000 	C:\WINDOWS\WinSxS\amd64_microsoft.windows.common-controls_6595b64144ccf1df_6.0.26100.3912_none_3e07963ce335137e\COMCTL32.dll
0x00007ffe4ca50000 - 0x00007ffe4ca7b000 	C:\WINDOWS\System32\GDI32.dll
0x00007ffe4c300000 - 0x00007ffe4c3a9000 	C:\WINDOWS\System32\msvcrt.dll
0x00007ffe4a830000 - 0x00007ffe4a962000 	C:\WINDOWS\System32\gdi32full.dll
0x00007ffe4ac40000 - 0x00007ffe4ace3000 	C:\WINDOWS\System32\msvcp_win.dll
0x00007ffe4c940000 - 0x00007ffe4c970000 	C:\WINDOWS\System32\IMM32.DLL
0x00007ffe42800000 - 0x00007ffe4280c000 	C:\Program Files\Android\Android Studio\jbr\bin\vcruntime140_1.dll
0x00007ffe070a0000 - 0x00007ffe0712d000 	C:\Program Files\Android\Android Studio\jbr\bin\msvcp140.dll
0x00007ffda6230000 - 0x00007ffda6eb3000 	C:\Program Files\Android\Android Studio\jbr\bin\server\jvm.dll
0x00007ffe4c980000 - 0x00007ffe4ca32000 	C:\WINDOWS\System32\ADVAPI32.dll
0x00007ffe4b9f0000 - 0x00007ffe4ba96000 	C:\WINDOWS\System32\sechost.dll
0x00007ffe4b230000 - 0x00007ffe4b346000 	C:\WINDOWS\System32\RPCRT4.dll
0x00007ffe3f270000 - 0x00007ffe3f2a6000 	C:\WINDOWS\SYSTEM32\WINMM.dll
0x00007ffe37a50000 - 0x00007ffe37a5a000 	C:\WINDOWS\SYSTEM32\WSOCK32.dll
0x00007ffe491e0000 - 0x00007ffe4923e000 	C:\WINDOWS\SYSTEM32\POWRPROF.dll
0x00007ffe4c750000 - 0x00007ffe4c7c4000 	C:\WINDOWS\System32\WS2_32.dll
0x00007ffe41550000 - 0x00007ffe4155b000 	C:\WINDOWS\SYSTEM32\VERSION.dll
0x00007ffe491c0000 - 0x00007ffe491d4000 	C:\WINDOWS\SYSTEM32\UMPDC.dll
0x00007ffe49490000 - 0x00007ffe494aa000 	C:\WINDOWS\SYSTEM32\kernel.appcore.dll
0x00007ffe3a120000 - 0x00007ffe3a12a000 	C:\Program Files\Android\Android Studio\jbr\bin\jimage.dll
0x00007ffe47f10000 - 0x00007ffe48151000 	C:\WINDOWS\SYSTEM32\DBGHELP.DLL
0x00007ffe4c3b0000 - 0x00007ffe4c734000 	C:\WINDOWS\System32\combase.dll
0x00007ffe4baa0000 - 0x00007ffe4bb80000 	C:\WINDOWS\System32\OLEAUT32.dll
0x00007ffe1c0a0000 - 0x00007ffe1c0d9000 	C:\WINDOWS\SYSTEM32\dbgcore.DLL
0x00007ffe4acf0000 - 0x00007ffe4ad89000 	C:\WINDOWS\System32\bcryptPrimitives.dll
0x00007ffe07f70000 - 0x00007ffe07f95000 	C:\Program Files\Android\Android Studio\jbr\bin\java.dll
0x00007ffe23990000 - 0x00007ffe239a8000 	C:\Program Files\Android\Android Studio\jbr\bin\zip.dll
0x00007ffe4ca80000 - 0x00007ffe4d1ad000 	C:\WINDOWS\System32\SHELL32.dll
0x00007ffe4aac0000 - 0x00007ffe4ac34000 	C:\WINDOWS\System32\wintypes.dll
0x00007ffe48240000 - 0x00007ffe48a96000 	C:\WINDOWS\SYSTEM32\windows.storage.dll
0x00007ffe4c7d0000 - 0x00007ffe4c8bf000 	C:\WINDOWS\System32\SHCORE.dll
0x00007ffe4c8d0000 - 0x00007ffe4c939000 	C:\WINDOWS\System32\shlwapi.dll
0x00007ffe4a500000 - 0x00007ffe4a52f000 	C:\WINDOWS\SYSTEM32\profapi.dll
0x00007ffe1dec0000 - 0x00007ffe1ded9000 	C:\Program Files\Android\Android Studio\jbr\bin\net.dll
0x00007ffe399d0000 - 0x00007ffe39aee000 	C:\WINDOWS\SYSTEM32\WINHTTP.dll
0x00007ffe499e0000 - 0x00007ffe49a4a000 	C:\WINDOWS\system32\mswsock.dll
0x00007ffe1de40000 - 0x00007ffe1de56000 	C:\Program Files\Android\Android Studio\jbr\bin\nio.dll
0x00007ffe39300000 - 0x00007ffe39310000 	C:\Program Files\Android\Android Studio\jbr\bin\verify.dll
0x00007ffe23a80000 - 0x00007ffe23aa7000 	C:\Users\dell\.gradle\native\c067742578af261105cb4f569cf0c3c89f3d7b1fecec35dd04571415982c5e48\windows-amd64\native-platform.dll
0x00007ffe390f0000 - 0x00007ffe390f9000 	C:\Program Files\Android\Android Studio\jbr\bin\management.dll
0x00007ffe337b0000 - 0x00007ffe337bb000 	C:\Program Files\Android\Android Studio\jbr\bin\management_ext.dll
0x00007ffe4c740000 - 0x00007ffe4c748000 	C:\WINDOWS\System32\PSAPI.DLL
0x00007ffe49da0000 - 0x00007ffe49dbc000 	C:\WINDOWS\SYSTEM32\CRYPTSP.dll
0x00007ffe493f0000 - 0x00007ffe4942a000 	C:\WINDOWS\system32\rsaenh.dll
0x00007ffe49a80000 - 0x00007ffe49aab000 	C:\WINDOWS\SYSTEM32\USERENV.dll
0x00007ffe4a4d0000 - 0x00007ffe4a4f6000 	C:\WINDOWS\SYSTEM32\bcrypt.dll
0x00007ffe49c10000 - 0x00007ffe49c1c000 	C:\WINDOWS\SYSTEM32\CRYPTBASE.dll
0x00007ffe48e20000 - 0x00007ffe48e53000 	C:\WINDOWS\SYSTEM32\IPHLPAPI.DLL
0x00007ffe4c2f0000 - 0x00007ffe4c2fa000 	C:\WINDOWS\System32\NSI.dll
0x00007ffe3a590000 - 0x00007ffe3a5af000 	C:\WINDOWS\SYSTEM32\dhcpcsvc6.DLL
0x00007ffe3a560000 - 0x00007ffe3a585000 	C:\WINDOWS\SYSTEM32\dhcpcsvc.DLL
0x00007ffe48eb0000 - 0x00007ffe48fd7000 	C:\WINDOWS\SYSTEM32\DNSAPI.dll
0x00007ffe336f0000 - 0x00007ffe336f9000 	C:\Program Files\Android\Android Studio\jbr\bin\extnet.dll
0x00007ffe32500000 - 0x00007ffe32508000 	C:\WINDOWS\system32\wshunix.dll

dbghelp: loaded successfully - version: 4.0.5 - missing functions: none
symbol engine: initialized successfully - sym options: 0x614 - pdb path: .;C:\Program Files\Android\Android Studio\jbr\bin;C:\WINDOWS\SYSTEM32;C:\WINDOWS\WinSxS\amd64_microsoft.windows.common-controls_6595b64144ccf1df_6.0.26100.3912_none_3e07963ce335137e;C:\Program Files\Android\Android Studio\jbr\bin\server;C:\Users\dell\.gradle\native\c067742578af261105cb4f569cf0c3c89f3d7b1fecec35dd04571415982c5e48\windows-amd64

VM Arguments:
jvm_args: -Dorg.gradle.appname=gradlew 
java_command: org.gradle.wrapper.GradleWrapperMain -q -Ptarget-platform=android-arm64 -Ptarget=C:\Users\dell\rafiq-master\lib\main.dart -Pbase-application-name=android.app.Application -Pdart-obfuscation=false -Ptrack-widget-creation=true -Ptree-shake-icons=false -Pfilesystem-scheme=org-dartlang-root assembleDebug
java_class_path (initial): C:\Users\dell\rafiq-master\android\\gradle\wrapper\gradle-wrapper.jar
Launcher Type: SUN_STANDARD

[Global flags]
     intx CICompilerCount                          = 4                                         {product} {ergonomic}
     uint ConcGCThreads                            = 3                                         {product} {ergonomic}
     uint G1ConcRefinementThreads                  = 10                                        {product} {ergonomic}
   size_t G1HeapRegionSize                         = 2097152                                   {product} {ergonomic}
    uintx GCDrainStackTargetSize                   = 64                                        {product} {ergonomic}
   size_t InitialHeapSize                          = 264241152                                 {product} {ergonomic}
   size_t MarkStackSize                            = 4194304                                   {product} {ergonomic}
   size_t MaxHeapSize                              = 4223664128                                {product} {ergonomic}
   size_t MaxNewSize                               = 2533359616                                {product} {ergonomic}
   size_t MinHeapDeltaBytes                        = 2097152                                   {product} {ergonomic}
   size_t MinHeapSize                              = 8388608                                   {product} {ergonomic}
    uintx NonNMethodCodeHeapSize                   = 5839372                                {pd product} {ergonomic}
    uintx NonProfiledCodeHeapSize                  = 122909434                              {pd product} {ergonomic}
    uintx ProfiledCodeHeapSize                     = 122909434                              {pd product} {ergonomic}
    uintx ReservedCodeCacheSize                    = 251658240                              {pd product} {ergonomic}
     bool SegmentedCodeCache                       = true                                      {product} {ergonomic}
   size_t SoftMaxHeapSize                          = 4223664128                             {manageable} {ergonomic}
     bool UseCompressedClassPointers               = true                           {product lp64_product} {ergonomic}
     bool UseCompressedOops                        = true                           {product lp64_product} {ergonomic}
     bool UseG1GC                                  = true                                      {product} {ergonomic}
     bool UseLargePagesIndividualAllocation        = false                                  {pd product} {ergonomic}

Logging:
Log output configuration:
 #0: stdout all=warning uptime,level,tags
 #1: stderr all=off uptime,level,tags

Environment Variables:
JAVA_HOME=C:\Program Files\Android\Android Studio\jbr
CLASSPATH=C:\Users\dell\rafiq-master\android\\gradle\wrapper\gradle-wrapper.jar
PATH=C:\Program Files\Android\Android Studio\jbr\bin;c:\Users\dell\AppData\Local\Programs\cursor\resources\app\bin;C:\Program Files\Common Files\Oracle\Java\javapath;C:\WINDOWS\system32;C:\WINDOWS;C:\WINDOWS\System32\Wbem;C:\WINDOWS\System32\WindowsPowerShell\v1.0\;C:\WINDOWS\System32\OpenSSH\;C:\Program Files\dotnet\;C:\Program Files\nodejs\;C:\xampp\php;C:\composer;C:\Program Files (x86)\Microsoft SQL Server\160\Tools\Binn\;C:\Program Files\Microsoft SQL Server\160\Tools\Binn\;C:\Program Files\Microsoft SQL Server\Client SDK\ODBC\170\Tools\Binn\;C:\Program Files\Microsoft SQL Server\160\DTS\Binn\;C:\Program Files (x86)\Microsoft SQL Server\160\DTS\Binn\;C:\Users\dell\AppData\Local\Microsoft\WindowsApps;D:\All Flitter\dart-sdk\bin;D:\All Flutter\dart-sdk\bin;C:\src\flutter\bin;C:\Users\dell\AppData\Roaming\npm;C:\Program Files\heroku\bin;C:\Users\dell\AppData\Local\Pub\Cache\bin;C:\Program Files\Java\jdk-23\bin;C:\Users\dell\AppData\Roaming\Composer\vendor\bin;C:\Users\dell\.dotnet\tools;C:\Users\dell\AppData\Local\Programs\cursor\reso;C:\Users\dell\AppData\Local\Microsoft\WindowsApps;D:\All Flitter\dart-sdk\bin;C:\Users\dell\AppData\Local\Programs\Microsoft VS Code\bin;D:\All Flutter\dart-sdk\bin;C:\src\flutter\bin;C:\Users\dell\AppData\Roaming\npm;C:\Program Files\heroku\bin;C:\Users\dell\AppData\Local\Pub\Cache\bin;C:\Program Files\Java\jdk-23\bin;C:\Users\dell\AppData\Roaming\Composer\vendor\bin;C:\Users\dell\.dotnet\tools;C:\Users\dell\AppData\Local\Programs\cursor\resources\app\bin;C:\src\flutter\bin\mingit\cmd;C:\src\flutter\bin\mingit\cmd
USERNAME=dell
OS=Windows_NT
PROCESSOR_IDENTIFIER=Intel64 Family 6 Model 141 Stepping 1, GenuineIntel
TMP=C:\Users\dell\AppData\Local\Temp
TEMP=C:\Users\dell\AppData\Local\Temp



Periodic native trim disabled

JNI global refs:
JNI global refs: 20, weak refs: 0

JNI global refs memory usage: 843, weak refs: 841

Process memory usage:
Resident Set Size: 134776K (0% of 16497444K total physical memory with 1511180K free physical memory)

OOME stack traces (most recent first):
Classloader memory used:
Loader bootstrap                                                                       : 1592K
Loader org.gradle.internal.classloader.VisitableURLClassLoader                         : 681K
Loader java.net.URLClassLoader                                                         : 29149B
Loader jdk.internal.loader.ClassLoaders$AppClassLoader                                 : 18431B
Loader jdk.internal.loader.ClassLoaders$PlatformClassLoader                            : 14190B
Loader jdk.internal.reflect.DelegatingClassLoader                                      : 5530B

Classes loaded by more than one classloader:
Class org.gradle.internal.installation.GradleInstallation                             : loaded 2 times (x 73B)
Class org.gradle.cli.ParsedCommandLine                                                : loaded 2 times (x 78B)
Class org.gradle.internal.classpath.ClassPath                                         : loaded 2 times (x 68B)
Class org.gradle.api.Action                                                           : loaded 2 times (x 68B)
Class org.gradle.cli.CommandLineParser$OptionString                                   : loaded 2 times (x 71B)
Class org.gradle.internal.installation.GradleInstallation$1                           : loaded 2 times (x 73B)
Class org.gradle.cli.CommandLineParser$AfterOptions                                   : loaded 2 times (x 75B)
Class org.gradle.cli.CommandLineParser$AfterFirstSubCommand                           : loaded 2 times (x 75B)
Class org.gradle.internal.service.UnknownServiceException                             : loaded 2 times (x 81B)
Class org.gradle.internal.classloader.VisitableURLClassLoader$Spec                    : loaded 2 times (x 72B)
Class org.gradle.api.GradleException                                                  : loaded 2 times (x 80B)
Class org.gradle.api.internal.classpath.ModuleRegistry                                : loaded 2 times (x 68B)
Class org.gradle.cli.CommandLineParser$KnownOptionParserState                         : loaded 2 times (x 74B)
Class org.gradle.cli.AbstractPropertiesCommandLineConverter                           : loaded 2 times (x 81B)
Class org.gradle.api.specs.Spec                                                       : loaded 2 times (x 68B)
Class org.gradle.cli.SystemPropertiesCommandLineConverter                             : loaded 2 times (x 81B)
Class org.gradle.internal.IoActions                                                   : loaded 2 times (x 69B)
Class org.gradle.internal.installation.CurrentGradleInstallation                      : loaded 2 times (x 71B)
Class org.gradle.internal.installation.CurrentGradleInstallationLocator               : loaded 2 times (x 69B)
Class org.gradle.internal.classpath.DefaultClassPath                                  : loaded 2 times (x 88B)
Class org.gradle.cli.CommandLineParser                                                : loaded 2 times (x 77B)
Class org.gradle.cli.CommandLineParser$BeforeFirstSubCommand                          : loaded 2 times (x 75B)
Class org.gradle.internal.classloader.SystemClassLoaderSpec                           : loaded 2 times (x 69B)
Class org.gradle.cli.CommandLineOption                                                : loaded 2 times (x 84B)
Class org.gradle.cli.CommandLineParser$ParserState                                    : loaded 2 times (x 74B)
Class org.gradle.cli.CommandLineParser$MissingOptionArgState                          : loaded 2 times (x 75B)
Class org.gradle.api.UncheckedIOException                                             : loaded 2 times (x 80B)
Class org.gradle.cli.ParsedCommandLineOption                                          : loaded 2 times (x 74B)
Class org.gradle.internal.classloader.ClasspathUtil                                   : loaded 2 times (x 69B)
Class org.gradle.cli.CommandLineParser$UnknownOptionParserState                       : loaded 2 times (x 74B)
Class org.gradle.internal.service.ServiceLookupException                              : loaded 2 times (x 80B)
Class org.gradle.util.internal.GUtil                                                  : loaded 2 times (x 69B)
Class org.gradle.internal.classloader.ClassLoaderSpec                                 : loaded 2 times (x 69B)
Class org.gradle.cli.CommandLineParser$OptionAwareParserState                         : loaded 2 times (x 75B)
Class org.gradle.cli.CommandLineParser$OptionParserState                              : loaded 2 times (x 73B)
Class org.gradle.internal.Cast                                                        : loaded 2 times (x 69B)
Class org.gradle.cli.CommandLineConverter                                             : loaded 2 times (x 68B)
Class org.gradle.internal.InternalTransformer                                         : loaded 2 times (x 68B)
Class org.gradle.internal.classpath.DefaultClassPath$ImmutableUniqueList              : loaded 2 times (x 159B)
Class org.gradle.cli.AbstractCommandLineConverter                                     : loaded 2 times (x 77B)
Class org.gradle.cli.CommandLineArgumentException                                     : loaded 2 times (x 80B)


---------------  S Y S T E M  ---------------

OS:
 Windows 11 , 64 bit Build 26100 (10.0.26100.3912)
OS uptime: 0 days 13:51 hours
Hyper-V role detected

CPU: total 12 (initial active 12) (6 cores per cpu, 2 threads per core) family 6 model 141 stepping 1 microcode 0x56, cx8, cmov, fxsr, ht, mmx, 3dnowpref, sse, sse2, sse3, ssse3, sse4.1, sse4.2, popcnt, lzcnt, tsc, tscinvbit, avx, avx2, aes, erms, clmul, bmi1, bmi2, adx, avx512f, avx512dq, avx512cd, avx512bw, avx512vl, sha, fma, vzeroupper, avx512_vpopcntdq, avx512_vpclmulqdq, avx512_vaes, avx512_vnni, clflush, clflushopt, clwb, avx512_vbmi2, avx512_vbmi, hv
Processor Information for all 12 processors :
  Max Mhz: 2688, Current Mhz: 2688, Mhz Limit: 2688

Memory: 4k page, system-wide physical 16110M (1476M free)
TotalPageFile size 30886M (AvailPageFile size 109M)
current process WorkingSet (physical memory assigned to process): 131M, peak: 131M
current process commit charge ("private bytes"): 380M, peak: 381M

vm_info: OpenJDK 64-Bit Server VM (17.0.11+0--11852314) for windows-amd64 JRE (17.0.11+0--11852314), built on May 16 2024 21:29:20 by "androidbuild" with MS VC++ 16.10 / 16.11 (VS2019)

END.
